<?xml version="1.0" encoding="UTF-8"?>
<!-- Generated by org.testng.reporters.JUnitXMLReporter -->
<testsuite hostname="m-bang-isharma1" name="Android Sanity Tests" tests="6" failures="4" timestamp="14 Mar 2018 08:52:53 GMT" time="66.241" errors="0">
  <testcase name="@BeforeClass initClass" time="0.0" classname="com.connect.fluke.app.tests.FCCM3560SessionEndAandDeleteTests">
    <failure type="java.lang.NullPointerException">
      <![CDATA[java.lang.NullPointerException
	at com.connect.fluke.app.pages.ActiveMonitoringSessionPage.initSessionCellElement(ActiveMonitoringSessionPage.java:29)
	at com.connect.fluke.app.tests.FCCM3560SessionEndAandDeleteTests.initClass(FCCM3560SessionEndAandDeleteTests.java:73)
... Removed 24 stack frames]]>
    </failure>
  </testcase> <!-- @BeforeClass initClass -->
  <testcase name="sessionEndTest" time="0.001" classname="com.connect.fluke.app.tests.FCCM3560SessionEndAandDeleteTests">
    <skipped/>
  </testcase> <!-- sessionEndTest -->
  <testcase name="sessionDeleteTest" time="0.004" classname="com.connect.fluke.app.tests.FCCM3560SessionEndAandDeleteTests">
    <skipped/>
  </testcase> <!-- sessionDeleteTest -->
  <testcase name="gatewayProvisionTest" time="0.032" classname="com.connect.fluke.app.tests.FCCM3560SessionSetupTests">
    <failure type="java.lang.AssertionError" message="Unable to provision gateway, exception details are: java.lang.AssertionError: expected [true] but found [false]">
      <![CDATA[java.lang.AssertionError: Unable to provision gateway, exception details are: java.lang.AssertionError: expected [true] but found [false]
	at com.connect.fluke.app.tests.FCCM3560SessionSetupTests.gatewayProvisionTest(FCCM3560SessionSetupTests.java:34)
... Removed 25 stack frames]]>
    </failure>
  </testcase> <!-- gatewayProvisionTest -->
  <testcase name="sensorProvisionTest" time="0.009" classname="com.connect.fluke.app.tests.FCCM3560SessionSetupTests">
    <failure type="java.lang.AssertionError" message="Unable to provision sensor, exception details are: java.lang.NullPointerException">
      <![CDATA[java.lang.AssertionError: Unable to provision sensor, exception details are: java.lang.NullPointerException
	at com.connect.fluke.app.tests.FCCM3560SessionSetupTests.sensorProvisionTest(FCCM3560SessionSetupTests.java:47)
... Removed 25 stack frames]]>
    </failure>
  </testcase> <!-- sensorProvisionTest -->
  <testcase name="assignAssetTest" time="10.011" classname="com.connect.fluke.app.tests.FCCM3560SessionSetupTests">
    <failure type="java.lang.AssertionError" message="Unable to assign asset, exception details are: java.lang.NullPointerException">
      <![CDATA[java.lang.AssertionError: Unable to assign asset, exception details are: java.lang.NullPointerException
	at com.connect.fluke.app.tests.FCCM3560SessionSetupTests.assignAssetTest(FCCM3560SessionSetupTests.java:60)
... Removed 25 stack frames]]>
    </failure>
  </testcase> <!-- assignAssetTest -->
  <testcase name="startMonitoringTest" time="0.007" classname="com.connect.fluke.app.tests.FCCM3560SessionSetupTests">
    <failure type="java.lang.AssertionError" message="Unable to start monitoring, exception details are: java.lang.NullPointerException">
      <![CDATA[java.lang.AssertionError: Unable to start monitoring, exception details are: java.lang.NullPointerException
	at com.connect.fluke.app.tests.FCCM3560SessionSetupTests.startMonitoringTest(FCCM3560SessionSetupTests.java:73)
... Removed 25 stack frames]]>
    </failure>
  </testcase> <!-- startMonitoringTest -->
</testsuite> <!-- Android Sanity Tests -->
