<?xml version="1.0" encoding="UTF-8"?>
<!-- Generated by org.testng.reporters.JUnitXMLReporter -->
<testsuite hostname="m-bang-isharma1" ignored="773" name="CNX Android Tests" tests="30" failures="0" timestamp="20 Oct 2018 18:38:06 GMT" time="271.695" errors="0">
  <testcase name="fc369MeasurementDeviceNameSyncTest" time="39.126" classname="com.connect.fluke.app.tests.MeasurementsHistoryPageTests"/>
  <testcase name="fc369MeasurementValueSyncTest" time="0.085" classname="com.connect.fluke.app.tests.MeasurementsHistoryPageTests"/>
  <testcase name="fc369MeasurementUnitSyncTest" time="0.115" classname="com.connect.fluke.app.tests.MeasurementsHistoryPageTests"/>
  <testcase name="a3000MeasurementDeviceNameSyncTest" time="37.229" classname="com.connect.fluke.app.tests.MeasurementsHistoryPageTests"/>
  <testcase name="a3000MeasurementValueSyncTest" time="0.166" classname="com.connect.fluke.app.tests.MeasurementsHistoryPageTests"/>
  <testcase name="a3000MeasurementUnitSyncTest" time="0.124" classname="com.connect.fluke.app.tests.MeasurementsHistoryPageTests"/>
  <testcase name="t3000MeasurementDeviceNameSyncTest" time="29.981" classname="com.connect.fluke.app.tests.MeasurementsHistoryPageTests"/>
  <testcase name="t3000MeasurementValueSyncTest" time="0.076" classname="com.connect.fluke.app.tests.MeasurementsHistoryPageTests"/>
  <testcase name="t3000MeasurementUnitSyncTest" time="0.076" classname="com.connect.fluke.app.tests.MeasurementsHistoryPageTests"/>
  <testcase name="a3002MeasurementDeviceNameSyncTest" time="6.811" classname="com.connect.fluke.app.tests.MeasurementsHistoryPageTests"/>
  <testcase name="a3002MeasurementValueSyncTest" time="0.06" classname="com.connect.fluke.app.tests.MeasurementsHistoryPageTests"/>
  <testcase name="a3002MeasurementUnitSyncTest" time="0.093" classname="com.connect.fluke.app.tests.MeasurementsHistoryPageTests"/>
  <testcase name="v3001MeasurementDeviceNameSyncTest" time="9.317" classname="com.connect.fluke.app.tests.MeasurementsHistoryPageTests"/>
  <testcase name="v3001MeasurementValueSyncTest" time="0.059" classname="com.connect.fluke.app.tests.MeasurementsHistoryPageTests"/>
  <testcase name="v3001MeasurementUnitSyncTest" time="0.075" classname="com.connect.fluke.app.tests.MeasurementsHistoryPageTests"/>
  <testcase name="fc369MeasurementDeviceNameTest" time="58.091" classname="com.connect.fluke.app.tests.MeasurementsHistoryPageTests"/>
  <testcase name="fc369MeasurementValueTest" time="0.058" classname="com.connect.fluke.app.tests.MeasurementsHistoryPageTests"/>
  <testcase name="fc369MeasurementUnitTest" time="0.066" classname="com.connect.fluke.app.tests.MeasurementsHistoryPageTests"/>
  <testcase name="a3000MeasurementDeviceNameTest" time="20.522" classname="com.connect.fluke.app.tests.MeasurementsHistoryPageTests"/>
  <testcase name="a3000MeasurementValueTest" time="0.061" classname="com.connect.fluke.app.tests.MeasurementsHistoryPageTests"/>
  <testcase name="a3000MeasurementUnitTest" time="0.061" classname="com.connect.fluke.app.tests.MeasurementsHistoryPageTests"/>
  <testcase name="t3000MeasurementDeviceNameTest" time="12.284" classname="com.connect.fluke.app.tests.MeasurementsHistoryPageTests"/>
  <testcase name="t3000MeasurementValueTest" time="0.093" classname="com.connect.fluke.app.tests.MeasurementsHistoryPageTests"/>
  <testcase name="t3000MeasurementUnitTest" time="0.089" classname="com.connect.fluke.app.tests.MeasurementsHistoryPageTests"/>
  <testcase name="a3002MeasurementDeviceNameTest" time="7.131" classname="com.connect.fluke.app.tests.MeasurementsHistoryPageTests"/>
  <testcase name="a3002MeasurementValueTest" time="0.061" classname="com.connect.fluke.app.tests.MeasurementsHistoryPageTests"/>
  <testcase name="a3002MeasurementUnitTest" time="0.103" classname="com.connect.fluke.app.tests.MeasurementsHistoryPageTests"/>
  <testcase name="v3001MeasurementDeviceNameTest" time="11.916" classname="com.connect.fluke.app.tests.MeasurementsHistoryPageTests"/>
  <testcase name="v3001MeasurementValueTest" time="0.054" classname="com.connect.fluke.app.tests.MeasurementsHistoryPageTests"/>
  <testcase name="v3001MeasurementUnitTest" time="0.055" classname="com.connect.fluke.app.tests.MeasurementsHistoryPageTests"/>
  <testcase name="powerOverView_PhaseA_1HGraphTabCheck" time="0.0" classname="com.connect.fluke.app.tests.PowerQuality3540CompletedSessionTests">
    <ignored/>
  </testcase> <!-- powerOverView_PhaseA_1HGraphTabCheck -->
  <testcase name="v3001AssignedAssetSyncTest" time="0.0" classname="com.connect.fluke.app.tests.MeasurementsHistoryPageTests">
    <ignored/>
  </testcase> <!-- v3001AssignedAssetSyncTest -->
  <testcase name="powerOverView_KW_1DGraphTabCheck" time="0.0" classname="com.connect.fluke.app.tests.PowerQuality3540CompletedSessionTests">
    <ignored/>
  </testcase> <!-- powerOverView_KW_1DGraphTabCheck -->
  <testcase name="timeValueInAllTabTest" time="0.0" classname="com.connect.fluke.app.tests.SessionDetailPageTests3560">
    <ignored/>
  </testcase> <!-- timeValueInAllTabTest -->
  <testcase name="verifyInProgressWorkOrderStatusTest" time="0.0" classname="com.connect.fluke.app.tests.WorkOrderPageTests">
    <ignored/>
  </testcase> <!-- verifyInProgressWorkOrderStatusTest -->
  <testcase name="assetCountTextVisibleTest" time="0.0" classname="com.connect.fluke.app.tests.SessionDetailPageTests3550">
    <ignored/>
  </testcase> <!-- assetCountTextVisibleTest -->
  <testcase name="sessionTileStatusTest" time="0.0" classname="com.connect.fluke.app.tests.SessionDetailPageTests3540">
    <ignored/>
  </testcase> <!-- sessionTileStatusTest -->
  <testcase name="FC369MeasurementUnitTest" time="0.0" classname="com.connect.fluke.app.tests.CaptureMeasurementsTests">
    <ignored/>
  </testcase> <!-- FC369MeasurementUnitTest -->
  <testcase name="onExistingAccountSampleDataTest" time="0.0" classname="com.connect.fluke.app.tests.MeasurementsHistoryPageTests">
    <ignored/>
  </testcase> <!-- onExistingAccountSampleDataTest -->
  <testcase name="minValueTimeTest1DTab" time="0.0" classname="com.connect.fluke.app.tests.SessionDetailPageTests3550">
    <ignored/>
  </testcase> <!-- minValueTimeTest1DTab -->
  <testcase name="TI450DownloadedMeasurementUnitSyncTest" time="0.0" classname="com.connect.fluke.app.tests.MeasurementsHistoryPageTests">
    <ignored/>
  </testcase> <!-- TI450DownloadedMeasurementUnitSyncTest -->
  <testcase name="tempratureValueIn3W1WTabTest" time="0.0" classname="com.connect.fluke.app.tests.SessionDetailPageTests3560">
    <ignored/>
  </testcase> <!-- tempratureValueIn3W1WTabTest -->
  <testcase name="capture125BMeasurementTest" time="0.0" classname="com.connect.fluke.app.tests.CaptureMeasurementsTests">
    <ignored/>
  </testcase> <!-- capture125BMeasurementTest -->
  <testcase name="tempratureValueInAllTabTest" time="0.0" classname="com.connect.fluke.app.tests.SessionDetailPageTests3560">
    <ignored/>
  </testcase> <!-- tempratureValueInAllTabTest -->
  <testcase name="check3540CompletedSession" time="0.0" classname="com.connect.fluke.app.tests.PowerQuality3540CompletedSessionTests">
    <ignored/>
  </testcase> <!-- check3540CompletedSession -->
  <testcase name="TI450MaxTempValueTest" time="0.0" classname="com.connect.fluke.app.tests.MeasurementsHistoryPageTests">
    <ignored/>
  </testcase> <!-- TI450MaxTempValueTest -->
  <testcase name="timeValueIn1WTabTest" time="0.0" classname="com.connect.fluke.app.tests.SessionDetailPageTests3560">
    <ignored/>
  </testcase> <!-- timeValueIn1WTabTest -->
  <testcase name="assignAssetToA3002MeasurementTest" time="0.0" classname="com.connect.fluke.app.tests.CaptureMeasurementsTests">
    <ignored/>
  </testcase> <!-- assignAssetToA3002MeasurementTest -->
  <testcase name="verifyEditNominalVoltageAndFrequencyForLoadStudy" time="0.0" classname="com.connect.fluke.app.tests.FCCM174XSessionConfigurationTests">
    <ignored/>
  </testcase> <!-- verifyEditNominalVoltageAndFrequencyForLoadStudy -->
  <testcase name="maxValueTest1MTab" time="0.0" classname="com.connect.fluke.app.tests.SessionDetailPageTests3550">
    <ignored/>
  </testcase> <!-- maxValueTest1MTab -->
  <testcase name="TI400DownloadedMaxTempLabelSyncTest" time="0.0" classname="com.connect.fluke.app.tests.MeasurementsHistoryPageTests">
    <ignored/>
  </testcase> <!-- TI400DownloadedMaxTempLabelSyncTest -->
  <testcase name="downloadV3000LogTest" time="0.0" classname="com.connect.fluke.app.tests.CaptureMeasurementsTests">
    <ignored/>
  </testcase> <!-- downloadV3000LogTest -->
  <testcase name="shareWorkOrderTest" time="0.0" classname="com.connect.fluke.app.tests.WorkOrderPageTests">
    <ignored/>
  </testcase> <!-- shareWorkOrderTest -->
  <testcase name="shareT3000LogTest" time="0.0" classname="com.connect.fluke.app.tests.CaptureMeasurementsTests">
    <ignored/>
  </testcase> <!-- shareT3000LogTest -->
  <testcase name="viewSavedDataTest" time="0.0" classname="com.connect.fluke.app.tests.WorkOrderPageTests">
    <ignored/>
  </testcase> <!-- viewSavedDataTest -->
  <testcase name="sessionStartUserNameTest" time="0.0" classname="com.connect.fluke.app.tests.SessionDetailPageTests3540">
    <ignored/>
  </testcase> <!-- sessionStartUserNameTest -->
  <testcase name="configureThermalImagingSensorsTest" time="0.0" classname="com.connect.fluke.app.tests.SessionSetupTests3550">
    <ignored/>
  </testcase> <!-- configureThermalImagingSensorsTest -->
  <testcase name="TI450DownloadedMinTempUnitTest" time="0.0" classname="com.connect.fluke.app.tests.MeasurementsHistoryPageTests">
    <ignored/>
  </testcase> <!-- TI450DownloadedMinTempUnitTest -->
  <testcase name="powerOverView_PhaseB_1MGraphTabCheck" time="0.0" classname="com.connect.fluke.app.tests.PowerQuality3540CompletedSessionTests">
    <ignored/>
  </testcase> <!-- powerOverView_PhaseB_1MGraphTabCheck -->
  <testcase name="assetCountTextVisibleTest" time="0.0" classname="com.connect.fluke.app.tests.SessionDetailPageTests3560">
    <ignored/>
  </testcase> <!-- assetCountTextVisibleTest -->
  <testcase name="TI400DownloadedMaxTempLabelTest" time="0.0" classname="com.connect.fluke.app.tests.MeasurementsHistoryPageTests">
    <ignored/>
  </testcase> <!-- TI400DownloadedMaxTempLabelTest -->
  <testcase name="liveValueUnitTest1WTab" time="0.0" classname="com.connect.fluke.app.tests.SessionDetailPageTests3550">
    <ignored/>
  </testcase> <!-- liveValueUnitTest1WTab -->
  <testcase name="searchAsset" time="0.0" classname="com.connect.fluke.app.tests.AssetsPageTests">
    <ignored/>
  </testcase> <!-- searchAsset -->
  <testcase name="measurementsWorkOrderFilterTest" time="0.0" classname="com.connect.fluke.app.tests.WorkOrderPageTests">
    <ignored/>
  </testcase> <!-- measurementsWorkOrderFilterTest -->
  <testcase name="TI450DownloadedMinTempLabelSyncTest" time="0.0" classname="com.connect.fluke.app.tests.MeasurementsHistoryPageTests">
    <ignored/>
  </testcase> <!-- TI450DownloadedMinTempLabelSyncTest -->
  <testcase name="sessionStartUserNameTest" time="0.0" classname="com.connect.fluke.app.tests.SessionDetailPageTests3550">
    <ignored/>
  </testcase> <!-- sessionStartUserNameTest -->
  <testcase name="captureTI400MeasurementTest" time="0.0" classname="com.connect.fluke.app.tests.CaptureMeasurementsTests">
    <ignored/>
  </testcase> <!-- captureTI400MeasurementTest -->
  <testcase name="verifyWrongUsrnameAndPasswordForAuthentication" time="0.0" classname="com.connect.fluke.app.tests.FCCM174XSessionConfigurationTests">
    <ignored/>
  </testcase> <!-- verifyWrongUsrnameAndPasswordForAuthentication -->
  <testcase name="maxValueUnitTestALLTab" time="0.0" classname="com.connect.fluke.app.tests.SessionDetailPageTests3550">
    <ignored/>
  </testcase> <!-- maxValueUnitTestALLTab -->
  <testcase name="TI450MaxTempLabelSyncTest" time="0.0" classname="com.connect.fluke.app.tests.MeasurementsHistoryPageTests">
    <ignored/>
  </testcase> <!-- TI450MaxTempLabelSyncTest -->
  <testcase name="downloadA3000LogTest" time="0.0" classname="com.connect.fluke.app.tests.CaptureMeasurementsTests">
    <ignored/>
  </testcase> <!-- downloadA3000LogTest -->
  <testcase name="sessionStartUserNameTest" time="0.0" classname="com.connect.fluke.app.tests.SessionDetailPageTests3560">
    <ignored/>
  </testcase> <!-- sessionStartUserNameTest -->
  <testcase name="current1HGraphTabCheck" time="0.0" classname="com.connect.fluke.app.tests.PowerQuality3540CompletedSessionTests">
    <ignored/>
  </testcase> <!-- current1HGraphTabCheck -->
  <testcase name="stressWorkOrderTest" time="0.0" classname="com.connect.fluke.app.tests.WorkOrderPageTests">
    <ignored/>
  </testcase> <!-- stressWorkOrderTest -->
  <testcase name="addVoiceNoteToGroupMeasurementTest" time="0.0" classname="com.connect.fluke.app.tests.CaptureMeasurementsTests">
    <ignored/>
  </testcase> <!-- addVoiceNoteToGroupMeasurementTest -->
  <testcase name="assignAssetToHudsonTest" time="0.0" classname="com.connect.fluke.app.tests.MeasurementsHistoryPageTests">
    <ignored/>
  </testcase> <!-- assignAssetToHudsonTest -->
  <testcase name="createWorkOrderFromOverviewPageTest" time="0.0" classname="com.connect.fluke.app.tests.WorkOrderPageTests">
    <ignored/>
  </testcase> <!-- createWorkOrderFromOverviewPageTest -->
  <testcase name="maxValueUnitTest1MTab" time="0.0" classname="com.connect.fluke.app.tests.SessionDetailPageTests3550">
    <ignored/>
  </testcase> <!-- maxValueUnitTest1MTab -->
  <testcase name="vibrationValueIn1WTabTest" time="0.0" classname="com.connect.fluke.app.tests.SessionDetailPageTests3560">
    <ignored/>
  </testcase> <!-- vibrationValueIn1WTabTest -->
  <testcase name="sensorCountAndTypeTest" time="0.0" classname="com.connect.fluke.app.tests.SessionDetailPageTests3560">
    <ignored/>
  </testcase> <!-- sensorCountAndTypeTest -->
  <testcase name="assignAssetTo369FCMeasurementTest" time="0.0" classname="com.connect.fluke.app.tests.CaptureMeasurementsTests">
    <ignored/>
  </testcase> <!-- assignAssetTo369FCMeasurementTest -->
  <testcase name="powerOverView_Kvar_AllGraphTabCheck" time="0.0" classname="com.connect.fluke.app.tests.PowerQuality3540CompletedSessionTests">
    <ignored/>
  </testcase> <!-- powerOverView_Kvar_AllGraphTabCheck -->
  <testcase name="monitoringDataStaticTextVisibleTest" time="0.0" classname="com.connect.fluke.app.tests.SessionDetailPageTests3540">
    <ignored/>
  </testcase> <!-- monitoringDataStaticTextVisibleTest -->
  <testcase name="fc1555AssetAssignment" time="0.0" classname="com.connect.fluke.app.tests.FC1555CaptureMeasurementPageTest">
    <ignored/>
  </testcase> <!-- fc1555AssetAssignment -->
  <testcase name="powerOverView_PhaseB_AllGraphTabCheck" time="0.0" classname="com.connect.fluke.app.tests.PowerQuality3540CompletedSessionTests">
    <ignored/>
  </testcase> <!-- powerOverView_PhaseB_AllGraphTabCheck -->
  <testcase name="scrollGraphRight1W8HTab" time="0.0" classname="com.connect.fluke.app.tests.SessionDetailPageTests3560">
    <ignored/>
  </testcase> <!-- scrollGraphRight1W8HTab -->
  <testcase name="endUserLicenseAgreementTest" time="0.0" classname="com.connect.fluke.app.tests.SettingsPageTests">
    <ignored/>
  </testcase> <!-- endUserLicenseAgreementTest -->
  <testcase name="TIS75DownloadedMaxTempUnitTest" time="0.0" classname="com.connect.fluke.app.tests.MeasurementsHistoryPageTests">
    <ignored/>
  </testcase> <!-- TIS75DownloadedMaxTempUnitTest -->
  <testcase name="selectProductTest" time="0.0" classname="com.connect.fluke.app.tests.SessionSetupTests3550">
    <ignored/>
  </testcase> <!-- selectProductTest -->
  <testcase name="editCoverPageBasicReport" time="0.0" classname="com.connect.fluke.app.tests.ReportsPageTests">
    <ignored/>
  </testcase> <!-- editCoverPageBasicReport -->
  <testcase name="connectToA3000Test" time="0.0" classname="com.connect.fluke.app.tests.CaptureMeasurementsTests">
    <ignored/>
  </testcase> <!-- connectToA3000Test -->
  <testcase name="sensorProvisionTest" time="0.0" classname="com.connect.fluke.app.tests.SessionSetupTests3560">
    <ignored/>
  </testcase> <!-- sensorProvisionTest -->
  <testcase name="dateValueIn1HTabTest" time="0.0" classname="com.connect.fluke.app.tests.SessionDetailPageTests3560">
    <ignored/>
  </testcase> <!-- dateValueIn1HTabTest -->
  <testcase name="assetNameTest" time="0.0" classname="com.connect.fluke.app.tests.SessionDetailPageTests3560">
    <ignored/>
  </testcase> <!-- assetNameTest -->
  <testcase name="saveTI400MeasurementTest" time="0.0" classname="com.connect.fluke.app.tests.CaptureMeasurementsTests">
    <ignored/>
  </testcase> <!-- saveTI400MeasurementTest -->
  <testcase name="VerifyDeleteAsset" time="0.0" classname="com.connect.fluke.app.tests.AssetsPageTests">
    <ignored/>
  </testcase> <!-- VerifyDeleteAsset -->
  <testcase name="savedDataTest" time="0.0" classname="com.connect.fluke.app.tests.ThermalImageAnalysisTests">
    <ignored/>
  </testcase> <!-- savedDataTest -->
  <testcase name="powerFactorAllGraphTabCheck" time="0.0" classname="com.connect.fluke.app.tests.PowerQuality3540CompletedSessionTests">
    <ignored/>
  </testcase> <!-- powerFactorAllGraphTabCheck -->
  <testcase name="sensorCountAndTypeTest" time="0.0" classname="com.connect.fluke.app.tests.SessionDetailPageTests3550">
    <ignored/>
  </testcase> <!-- sensorCountAndTypeTest -->
  <testcase name="powerOverView_Kvar_1DGraphTabCheck" time="0.0" classname="com.connect.fluke.app.tests.PowerQuality3540CompletedSessionTests">
    <ignored/>
  </testcase> <!-- powerOverView_Kvar_1DGraphTabCheck -->
  <testcase name="TI450DownloadedMaxTempLabelSyncTest" time="0.0" classname="com.connect.fluke.app.tests.MeasurementsHistoryPageTests">
    <ignored/>
  </testcase> <!-- TI450DownloadedMaxTempLabelSyncTest -->
  <testcase name="assetNameTest" time="0.0" classname="com.connect.fluke.app.tests.SessionDetailPageTests3550">
    <ignored/>
  </testcase> <!-- assetNameTest -->
  <testcase name="mainImage1MTest" time="0.0" classname="com.connect.fluke.app.tests.SessionDetailPageTests3550">
    <ignored/>
  </testcase> <!-- mainImage1MTest -->
  <testcase name="sliderImage1DTest" time="0.0" classname="com.connect.fluke.app.tests.SessionDetailPageTests3550">
    <ignored/>
  </testcase> <!-- sliderImage1DTest -->
  <testcase name="userFlowWorkOrderTest" time="0.0" classname="com.connect.fluke.app.tests.WorkOrderPageTests">
    <ignored/>
  </testcase> <!-- userFlowWorkOrderTest -->
  <testcase name="vibrationValueIn8HTabTest" time="0.0" classname="com.connect.fluke.app.tests.SessionDetailPageTests3560">
    <ignored/>
  </testcase> <!-- vibrationValueIn8HTabTest -->
  <testcase name="sessionEndTest" time="0.0" classname="com.connect.fluke.app.tests.SessionEndTests3550">
    <ignored/>
  </testcase> <!-- sessionEndTest -->
  <testcase name="thermography1DGraphTabCheck" time="0.0" classname="com.connect.fluke.app.tests.Thermography3550CompletedSessionTests">
    <ignored/>
  </testcase> <!-- thermography1DGraphTabCheck -->
  <testcase name="graphDisplayedTest" time="0.0" classname="com.connect.fluke.app.tests.SessionDetailPageTests3560">
    <ignored/>
  </testcase> <!-- graphDisplayedTest -->
  <testcase name="dateValueIn3WTabTest" time="0.0" classname="com.connect.fluke.app.tests.SessionDetailPageTests3560">
    <ignored/>
  </testcase> <!-- dateValueIn3WTabTest -->
  <testcase name="TIS75DownloadedMinTempUnitTest" time="0.0" classname="com.connect.fluke.app.tests.MeasurementsHistoryPageTests">
    <ignored/>
  </testcase> <!-- TIS75DownloadedMinTempUnitTest -->
  <testcase name="verifyEditConfigNameAndDescriptionForEN50160" time="0.0" classname="com.connect.fluke.app.tests.FCCM174XSessionConfigurationTests">
    <ignored/>
  </testcase> <!-- verifyEditConfigNameAndDescriptionForEN50160 -->
  <testcase name="powerOverView_KVA_1HGraphTabCheck" time="0.0" classname="com.connect.fluke.app.tests.PowerQuality3540CompletedSessionTests">
    <ignored/>
  </testcase> <!-- powerOverView_KVA_1HGraphTabCheck -->
  <testcase name="connectToWiFiTest" time="0.0" classname="com.connect.fluke.app.tests.CaptureMeasurementsTests">
    <ignored/>
  </testcase> <!-- connectToWiFiTest -->
  <testcase name="powerOverView_KVA_1DGraphTabCheck" time="0.0" classname="com.connect.fluke.app.tests.PowerQuality3540CompletedSessionTests">
    <ignored/>
  </testcase> <!-- powerOverView_KVA_1DGraphTabCheck -->
  <testcase name="editCoverPageTIReport" time="0.0" classname="com.connect.fluke.app.tests.ReportsPageTests">
    <ignored/>
  </testcase> <!-- editCoverPageTIReport -->
  <testcase name="shareA3002LogTest" time="0.0" classname="com.connect.fluke.app.tests.CaptureMeasurementsTests">
    <ignored/>
  </testcase> <!-- shareA3002LogTest -->
  <testcase name="dateValueInAllTabTest" time="0.0" classname="com.connect.fluke.app.tests.SessionDetailPageTests3560">
    <ignored/>
  </testcase> <!-- dateValueInAllTabTest -->
  <testcase name="liveValueTest1WTab" time="0.0" classname="com.connect.fluke.app.tests.SessionDetailPageTests3550">
    <ignored/>
  </testcase> <!-- liveValueTest1WTab -->
  <testcase name="addAssetToReport" time="0.0" classname="com.connect.fluke.app.tests.ReportsPageTests">
    <ignored/>
  </testcase> <!-- addAssetToReport -->
  <testcase name="graphDisplayedTest" time="0.0" classname="com.connect.fluke.app.tests.SessionDetailPageTests3550">
    <ignored/>
  </testcase> <!-- graphDisplayedTest -->
  <testcase name="tHD_THC_THCA_1HGraphTabCheck" time="0.0" classname="com.connect.fluke.app.tests.PowerQuality3540CompletedSessionTests">
    <ignored/>
  </testcase> <!-- tHD_THC_THCA_1HGraphTabCheck -->
  <testcase name="powerOverView_PhaseC_1DGraphTabCheck" time="0.0" classname="com.connect.fluke.app.tests.PowerQuality3540CompletedSessionTests">
    <ignored/>
  </testcase> <!-- powerOverView_PhaseC_1DGraphTabCheck -->
  <testcase name="switchToALLTabTest" time="0.0" classname="com.connect.fluke.app.tests.SessionDetailPageTests3550">
    <ignored/>
  </testcase> <!-- switchToALLTabTest -->
  <testcase name="verifyEditHarmonicsMeasurementModeForLoadStudy" time="0.0" classname="com.connect.fluke.app.tests.FCCM174XSessionConfigurationTests">
    <ignored/>
  </testcase> <!-- verifyEditHarmonicsMeasurementModeForLoadStudy -->
  <testcase name="powerOverView_PhaseA_AllGraphTabCheck" time="0.0" classname="com.connect.fluke.app.tests.PowerQuality3540CompletedSessionTests">
    <ignored/>
  </testcase> <!-- powerOverView_PhaseA_AllGraphTabCheck -->
  <testcase name="TIS75DownloadedMinTempUnitSyncTest" time="0.0" classname="com.connect.fluke.app.tests.MeasurementsHistoryPageTests">
    <ignored/>
  </testcase> <!-- TIS75DownloadedMinTempUnitSyncTest -->
  <testcase name="TI400DownloadedMeasurmentDeviceNameTest" time="0.0" classname="com.connect.fluke.app.tests.MeasurementsHistoryPageTests">
    <ignored/>
  </testcase> <!-- TI400DownloadedMeasurmentDeviceNameTest -->
  <testcase name="verifySavedDataTest" time="0.0" classname="com.connect.fluke.app.tests.WorkOrderPageTests">
    <ignored/>
  </testcase> <!-- verifySavedDataTest -->
  <testcase name="add805VerficationOnSavedPage" time="0.0" classname="com.connect.fluke.app.tests.AssetAnalysisTest">
    <ignored/>
  </testcase> <!-- add805VerficationOnSavedPage -->
  <testcase name="createBasicReportTest" time="0.0" classname="com.connect.fluke.app.tests.ReportsPageTests">
    <ignored/>
  </testcase> <!-- createBasicReportTest -->
  <testcase name="A3000MeasurementValueTest" time="0.0" classname="com.connect.fluke.app.tests.CaptureMeasurementsTests">
    <ignored/>
  </testcase> <!-- A3000MeasurementValueTest -->
  <testcase name="powerFactor1WGraphTabCheck" time="0.0" classname="com.connect.fluke.app.tests.PowerQuality3540CompletedSessionTests">
    <ignored/>
  </testcase> <!-- powerFactor1WGraphTabCheck -->
  <testcase name="TI450DownloadedMeasurementUnitTest" time="0.0" classname="com.connect.fluke.app.tests.MeasurementsHistoryPageTests">
    <ignored/>
  </testcase> <!-- TI450DownloadedMeasurementUnitTest -->
  <testcase name="A3002MeasurementUnitTest" time="0.0" classname="com.connect.fluke.app.tests.CaptureMeasurementsTests">
    <ignored/>
  </testcase> <!-- A3002MeasurementUnitTest -->
  <testcase name="aboveThresholdAlarmSessionNotificationTest" time="0.0" classname="com.connect.fluke.app.tests.SessionDetailPageTests3550">
    <ignored/>
  </testcase> <!-- aboveThresholdAlarmSessionNotificationTest -->
  <testcase name="TI450MeasurementUnitTest" time="0.0" classname="com.connect.fluke.app.tests.CaptureMeasurementsTests">
    <ignored/>
  </testcase> <!-- TI450MeasurementUnitTest -->
  <testcase name="TIS65DownloadedMeasurementUnitTest" time="0.0" classname="com.connect.fluke.app.tests.MeasurementsHistoryPageTests">
    <ignored/>
  </testcase> <!-- TIS65DownloadedMeasurementUnitTest -->
  <testcase name="connectToA3002Test" time="0.0" classname="com.connect.fluke.app.tests.CaptureMeasurementsTests">
    <ignored/>
  </testcase> <!-- connectToA3002Test -->
  <testcase name="voltageAllGraphTabCheck" time="0.0" classname="com.connect.fluke.app.tests.PowerQuality3540CompletedSessionTests">
    <ignored/>
  </testcase> <!-- voltageAllGraphTabCheck -->
  <testcase name="ReportSort" time="0.0" classname="com.connect.fluke.app.tests.ReportsPageTests">
    <ignored/>
  </testcase> <!-- ReportSort -->
  <testcase name="TI400MinTempValueSyncTest" time="0.0" classname="com.connect.fluke.app.tests.MeasurementsHistoryPageTests">
    <ignored/>
  </testcase> <!-- TI400MinTempValueSyncTest -->
  <testcase name="maxValueTimeTest1WTab" time="0.0" classname="com.connect.fluke.app.tests.SessionDetailPageTests3550">
    <ignored/>
  </testcase> <!-- maxValueTimeTest1WTab -->
  <testcase name="powerOverView_KW_1HGraphTabCheck" time="0.0" classname="com.connect.fluke.app.tests.PowerQuality3540CompletedSessionTests">
    <ignored/>
  </testcase> <!-- powerOverView_KW_1HGraphTabCheck -->
  <testcase name="TI450MinTempLabelSyncTest" time="0.0" classname="com.connect.fluke.app.tests.MeasurementsHistoryPageTests">
    <ignored/>
  </testcase> <!-- TI450MinTempLabelSyncTest -->
  <testcase name="TI400MaxTempValueTest" time="0.0" classname="com.connect.fluke.app.tests.CaptureMeasurementsTests">
    <ignored/>
  </testcase> <!-- TI400MaxTempValueTest -->
  <testcase name="gateWayNameTest" time="0.0" classname="com.connect.fluke.app.tests.SessionDetailPageTests3540">
    <ignored/>
  </testcase> <!-- gateWayNameTest -->
  <testcase name="testPointNameTest" time="0.0" classname="com.connect.fluke.app.tests.SessionDetailPageTests3540">
    <ignored/>
  </testcase> <!-- testPointNameTest -->
  <testcase name="TIS75DownloadedMeasurementValueSyncTest" time="0.0" classname="com.connect.fluke.app.tests.MeasurementsHistoryPageTests">
    <ignored/>
  </testcase> <!-- TIS75DownloadedMeasurementValueSyncTest -->
  <testcase name="switchToAllTabTest" time="0.0" classname="com.connect.fluke.app.tests.SessionDetailPageTests3560">
    <ignored/>
  </testcase> <!-- switchToAllTabTest -->
  <testcase name="addFrequencyAlarm" time="0.0" classname="com.connect.fluke.app.tests.AssetAnalysisTest">
    <ignored/>
  </testcase> <!-- addFrequencyAlarm -->
  <testcase name="powerOverView_KW_1MGraphTabCheck" time="0.0" classname="com.connect.fluke.app.tests.PowerQuality3540CompletedSessionTests">
    <ignored/>
  </testcase> <!-- powerOverView_KW_1MGraphTabCheck -->
  <testcase name="saveA3002MeasurementTest" time="0.0" classname="com.connect.fluke.app.tests.CaptureMeasurementsTests">
    <ignored/>
  </testcase> <!-- saveA3002MeasurementTest -->
  <testcase name="TIS65DownloadedMinTempLabelSyncTest" time="0.0" classname="com.connect.fluke.app.tests.MeasurementsHistoryPageTests">
    <ignored/>
  </testcase> <!-- TIS65DownloadedMinTempLabelSyncTest -->
  <testcase name="verfiyStatusFilter" time="0.0" classname="com.connect.fluke.app.tests.AssetsPageTests">
    <ignored/>
  </testcase> <!-- verfiyStatusFilter -->
  <testcase name="measurementsWorkOrderSortTest" time="0.0" classname="com.connect.fluke.app.tests.WorkOrderPageTests">
    <ignored/>
  </testcase> <!-- measurementsWorkOrderSortTest -->
  <testcase name="TIS75DownloadedMinTempValueTest" time="0.0" classname="com.connect.fluke.app.tests.MeasurementsHistoryPageTests">
    <ignored/>
  </testcase> <!-- TIS75DownloadedMinTempValueTest -->
  <testcase name="sensorSelectionTest" time="0.0" classname="com.connect.fluke.app.tests.SessionSetupTests3550">
    <ignored/>
  </testcase> <!-- sensorSelectionTest -->
  <testcase name="addBeakerVerficationOnAnalysisPage" time="0.0" classname="com.connect.fluke.app.tests.AssetAnalysisTest">
    <ignored/>
  </testcase> <!-- addBeakerVerficationOnAnalysisPage -->
  <testcase name="testPointNameTest" time="0.0" classname="com.connect.fluke.app.tests.SessionDetailPageTests3550">
    <ignored/>
  </testcase> <!-- testPointNameTest -->
  <testcase name="TI400MeasurementDeviceNameTest" time="0.0" classname="com.connect.fluke.app.tests.MeasurementsHistoryPageTests">
    <ignored/>
  </testcase> <!-- TI400MeasurementDeviceNameTest -->
  <testcase name="removeTeamMembersTest" time="0.0" classname="com.connect.fluke.app.tests.TeamPageTests">
    <ignored/>
  </testcase> <!-- removeTeamMembersTest -->
  <testcase name="minValueTimeTest1MTab" time="0.0" classname="com.connect.fluke.app.tests.SessionDetailPageTests3550">
    <ignored/>
  </testcase> <!-- minValueTimeTest1MTab -->
  <testcase name="a3002AssignedWorkOrderSyncTest" time="0.0" classname="com.connect.fluke.app.tests.MeasurementsHistoryPageTests">
    <ignored/>
  </testcase> <!-- a3002AssignedWorkOrderSyncTest -->
  <testcase name="vibrationValueInAll3WTabTest" time="0.0" classname="com.connect.fluke.app.tests.SessionDetailPageTests3560">
    <ignored/>
  </testcase> <!-- vibrationValueInAll3WTabTest -->
  <testcase name="fc369AssignedAssetSyncTest" time="0.0" classname="com.connect.fluke.app.tests.MeasurementsHistoryPageTests">
    <ignored/>
  </testcase> <!-- fc369AssignedAssetSyncTest -->
  <testcase name="removeMeassurementsFromAlreadyCreatedREport" time="0.0" classname="com.connect.fluke.app.tests.ReportsPageTests">
    <ignored/>
  </testcase> <!-- removeMeassurementsFromAlreadyCreatedREport -->
  <testcase name="check3550CompletedSession" time="0.0" classname="com.connect.fluke.app.tests.Thermography3550CompletedSessionTests">
    <ignored/>
  </testcase> <!-- check3550CompletedSession -->
  <testcase name="T3000MeasurementUnitTest" time="0.0" classname="com.connect.fluke.app.tests.CaptureMeasurementsTests">
    <ignored/>
  </testcase> <!-- T3000MeasurementUnitTest -->
  <testcase name="addMeasurementWhenNoMeasurementIsPresentTest" time="0.0" classname="com.connect.fluke.app.tests.WorkOrderPageTests">
    <ignored/>
  </testcase> <!-- addMeasurementWhenNoMeasurementIsPresentTest -->
  <testcase name="gateWayNameTest" time="0.0" classname="com.connect.fluke.app.tests.SessionDetailPageTests3560">
    <ignored/>
  </testcase> <!-- gateWayNameTest -->
  <testcase name="connectToFCCloudTest" time="0.0" classname="com.connect.fluke.app.tests.SessionSetupTests3550">
    <ignored/>
  </testcase> <!-- connectToFCCloudTest -->
  <testcase name="powerOverView_Kvar_1MGraphTabCheck" time="0.0" classname="com.connect.fluke.app.tests.PowerQuality3540CompletedSessionTests">
    <ignored/>
  </testcase> <!-- powerOverView_Kvar_1MGraphTabCheck -->
  <testcase name="timeValueInAll3WTabTest" time="0.0" classname="com.connect.fluke.app.tests.SessionDetailPageTests3560">
    <ignored/>
  </testcase> <!-- timeValueInAll3WTabTest -->
  <testcase name="assignMachineCategoryTest" time="0.0" classname="com.connect.fluke.app.tests.SessionSetupTests3560">
    <ignored/>
  </testcase> <!-- assignMachineCategoryTest -->
  <testcase name="activePower1HGraphTabCheck" time="0.0" classname="com.connect.fluke.app.tests.PowerQuality3540CompletedSessionTests">
    <ignored/>
  </testcase> <!-- activePower1HGraphTabCheck -->
  <testcase name="tHD_THC_THCA_1MGraphTabCheck" time="0.0" classname="com.connect.fluke.app.tests.PowerQuality3540CompletedSessionTests">
    <ignored/>
  </testcase> <!-- tHD_THC_THCA_1MGraphTabCheck -->
  <testcase name="timeValueIn1W8HTabTest" time="0.0" classname="com.connect.fluke.app.tests.SessionDetailPageTests3560">
    <ignored/>
  </testcase> <!-- timeValueIn1W8HTabTest -->
  <testcase name="connectToTIS65Test" time="0.0" classname="com.connect.fluke.app.tests.CaptureMeasurementsTests">
    <ignored/>
  </testcase> <!-- connectToTIS65Test -->
  <testcase name="TI450DownloadedMaxTempLabelTest" time="0.0" classname="com.connect.fluke.app.tests.MeasurementsHistoryPageTests">
    <ignored/>
  </testcase> <!-- TI450DownloadedMaxTempLabelTest -->
  <testcase name="TI400MinTempUnitTest" time="0.0" classname="com.connect.fluke.app.tests.CaptureMeasurementsTests">
    <ignored/>
  </testcase> <!-- TI400MinTempUnitTest -->
  <testcase name="testPointNameTest" time="0.0" classname="com.connect.fluke.app.tests.SessionDetailPageTests3560">
    <ignored/>
  </testcase> <!-- testPointNameTest -->
  <testcase name="ReportSearch" time="0.0" classname="com.connect.fluke.app.tests.ReportsPageTests">
    <ignored/>
  </testcase> <!-- ReportSearch -->
  <testcase name="addTHDVAlarm" time="0.0" classname="com.connect.fluke.app.tests.AssetAnalysisTest">
    <ignored/>
  </testcase> <!-- addTHDVAlarm -->
  <testcase name="FC369MeasurementValueTest" time="0.0" classname="com.connect.fluke.app.tests.CaptureMeasurementsTests">
    <ignored/>
  </testcase> <!-- FC369MeasurementValueTest -->
  <testcase name="switchTo8H1HTabTest" time="0.0" classname="com.connect.fluke.app.tests.SessionDetailPageTests3560">
    <ignored/>
  </testcase> <!-- switchTo8H1HTabTest -->
  <testcase name="liveValueUnitTest1DTab" time="0.0" classname="com.connect.fluke.app.tests.SessionDetailPageTests3550">
    <ignored/>
  </testcase> <!-- liveValueUnitTest1DTab -->
  <testcase name="saveA3000MeasurementTest" time="0.0" classname="com.connect.fluke.app.tests.CaptureMeasurementsTests">
    <ignored/>
  </testcase> <!-- saveA3000MeasurementTest -->
  <testcase name="assetCountTextVisibleTest" time="0.0" classname="com.connect.fluke.app.tests.SessionDetailPageTests3540">
    <ignored/>
  </testcase> <!-- assetCountTextVisibleTest -->
  <testcase name="connectTo369FCTest" time="0.0" classname="com.connect.fluke.app.tests.CaptureMeasurementsTests">
    <ignored/>
  </testcase> <!-- connectTo369FCTest -->
  <testcase name="TI400DownloadedMinTempLabelSyncTest" time="0.0" classname="com.connect.fluke.app.tests.MeasurementsHistoryPageTests">
    <ignored/>
  </testcase> <!-- TI400DownloadedMinTempLabelSyncTest -->
  <testcase name="T3000DeviceNameTest" time="0.0" classname="com.connect.fluke.app.tests.CaptureMeasurementsTests">
    <ignored/>
  </testcase> <!-- T3000DeviceNameTest -->
  <testcase name="TIS75DownloadedMaxTempUnitSyncTest" time="0.0" classname="com.connect.fluke.app.tests.MeasurementsHistoryPageTests">
    <ignored/>
  </testcase> <!-- TIS75DownloadedMaxTempUnitSyncTest -->
  <testcase name="vibrationValueInAllTabTest" time="0.0" classname="com.connect.fluke.app.tests.SessionDetailPageTests3560">
    <ignored/>
  </testcase> <!-- vibrationValueInAllTabTest -->
  <testcase name="gateWayNameTest" time="0.0" classname="com.connect.fluke.app.tests.SessionDetailPageTests3550">
    <ignored/>
  </testcase> <!-- gateWayNameTest -->
  <testcase name="TI400DeviceNameTest" time="0.0" classname="com.connect.fluke.app.tests.CaptureMeasurementsTests">
    <ignored/>
  </testcase> <!-- TI400DeviceNameTest -->
  <testcase name="tempratureUnitIn1W8HTabTest" time="0.0" classname="com.connect.fluke.app.tests.SessionDetailPageTests3560">
    <ignored/>
  </testcase> <!-- tempratureUnitIn1W8HTabTest -->
  <testcase name="graphDisplayedTest" time="0.0" classname="com.connect.fluke.app.tests.SessionDetailPageTests3540">
    <ignored/>
  </testcase> <!-- graphDisplayedTest -->
  <testcase name="assignWorkOrderToTI400MeasurementTest" time="0.0" classname="com.connect.fluke.app.tests.CaptureMeasurementsTests">
    <ignored/>
  </testcase> <!-- assignWorkOrderToTI400MeasurementTest -->
  <testcase name="verifySavedDataRemoveFunctionTest" time="0.0" classname="com.connect.fluke.app.tests.WorkOrderPageTests">
    <ignored/>
  </testcase> <!-- verifySavedDataRemoveFunctionTest -->
  <testcase name="alarmIconTest" time="0.0" classname="com.connect.fluke.app.tests.SessionDetailPageTests3560">
    <ignored/>
  </testcase> <!-- alarmIconTest -->
  <testcase name="TIS65DownloadedMaxTempLabelTest" time="0.0" classname="com.connect.fluke.app.tests.MeasurementsHistoryPageTests">
    <ignored/>
  </testcase> <!-- TIS65DownloadedMaxTempLabelTest -->
  <testcase name="TI400MeasurementUnitTest" time="0.0" classname="com.connect.fluke.app.tests.MeasurementsHistoryPageTests">
    <ignored/>
  </testcase> <!-- TI400MeasurementUnitTest -->
  <testcase name="assignAssetToA3000MeasurementTest" time="0.0" classname="com.connect.fluke.app.tests.CaptureMeasurementsTests">
    <ignored/>
  </testcase> <!-- assignAssetToA3000MeasurementTest -->
  <testcase name="timeValueIn8HTabTest" time="0.0" classname="com.connect.fluke.app.tests.SessionDetailPageTests3560">
    <ignored/>
  </testcase> <!-- timeValueIn8HTabTest -->
  <testcase name="liveValueUnitTest" time="0.0" classname="com.connect.fluke.app.tests.SessionDetailPageTests3550">
    <ignored/>
  </testcase> <!-- liveValueUnitTest -->
  <testcase name="shareFC369MeasurementTest" time="0.0" classname="com.connect.fluke.app.tests.CaptureMeasurementsTests">
    <ignored/>
  </testcase> <!-- shareFC369MeasurementTest -->
  <testcase name="TIS65DownloadedMeasurementUnitSyncTest" time="0.0" classname="com.connect.fluke.app.tests.MeasurementsHistoryPageTests">
    <ignored/>
  </testcase> <!-- TIS65DownloadedMeasurementUnitSyncTest -->
  <testcase name="assignAssetToT3000MeasurementTest" time="0.0" classname="com.connect.fluke.app.tests.CaptureMeasurementsTests">
    <ignored/>
  </testcase> <!-- assignAssetToT3000MeasurementTest -->
  <testcase name="verifyEditMainSignallingVoltageForLoadStudy" time="0.0" classname="com.connect.fluke.app.tests.FCCM174XSessionConfigurationTests">
    <ignored/>
  </testcase> <!-- verifyEditMainSignallingVoltageForLoadStudy -->
  <testcase name="tHD_THC_THDA_1DGraphTabCheck" time="0.0" classname="com.connect.fluke.app.tests.PowerQuality3540CompletedSessionTests">
    <ignored/>
  </testcase> <!-- tHD_THC_THDA_1DGraphTabCheck -->
  <testcase name="verifyOpenWorkOrderStatusTest" time="0.0" classname="com.connect.fluke.app.tests.WorkOrderPageTests">
    <ignored/>
  </testcase> <!-- verifyOpenWorkOrderStatusTest -->
  <testcase name="editAlarmTest" time="0.0" classname="com.connect.fluke.app.tests.SessionDetailPageTests3550">
    <ignored/>
  </testcase> <!-- editAlarmTest -->
  <testcase name="alarmIconTest" time="0.0" classname="com.connect.fluke.app.tests.SessionDetailPageTests3550">
    <ignored/>
  </testcase> <!-- alarmIconTest -->
  <testcase name="TI450MaxTempLabelTest" time="0.0" classname="com.connect.fluke.app.tests.CaptureMeasurementsTests">
    <ignored/>
  </testcase> <!-- TI450MaxTempLabelTest -->
  <testcase name="switchBetweenActivePowerView" time="0.0" classname="com.connect.fluke.app.tests.PowerQuality3540CompletedSessionTests">
    <ignored/>
  </testcase> <!-- switchBetweenActivePowerView -->
  <testcase name="sessionEndTest" time="0.0" classname="com.connect.fluke.app.tests.SessionEndAndDeleteTests3560">
    <ignored/>
  </testcase> <!-- sessionEndTest -->
  <testcase name="tHD_THC_THDA_1MGraphTabCheck" time="0.0" classname="com.connect.fluke.app.tests.PowerQuality3540CompletedSessionTests">
    <ignored/>
  </testcase> <!-- tHD_THC_THDA_1MGraphTabCheck -->
  <testcase name="assignWorkOrderToT3000MeasurementTest" time="0.0" classname="com.connect.fluke.app.tests.CaptureMeasurementsTests">
    <ignored/>
  </testcase> <!-- assignWorkOrderToT3000MeasurementTest -->
  <testcase name="assignWorkOrderToA3000MeasurementTest" time="0.0" classname="com.connect.fluke.app.tests.CaptureMeasurementsTests">
    <ignored/>
  </testcase> <!-- assignWorkOrderToA3000MeasurementTest -->
  <testcase name="frequency1WGraphTabCheck" time="0.0" classname="com.connect.fluke.app.tests.PowerQuality3540CompletedSessionTests">
    <ignored/>
  </testcase> <!-- frequency1WGraphTabCheck -->
  <testcase name="verifyNominalVoltageAndFrequency" time="0.0" classname="com.connect.fluke.app.tests.FCCM174XSessionConfigurationTests">
    <ignored/>
  </testcase> <!-- verifyNominalVoltageAndFrequency -->
  <testcase name="createAssetInWorkOrderTest" time="0.0" classname="com.connect.fluke.app.tests.WorkOrderPageTests">
    <ignored/>
  </testcase> <!-- createAssetInWorkOrderTest -->
  <testcase name="captureMyWorkOrderCellScreenshot" time="0.0" classname="com.connect.fluke.app.tests.HomePageTests">
    <ignored/>
  </testcase> <!-- captureMyWorkOrderCellScreenshot -->
  <testcase name="verificationOfNoReportsForNewUser" time="0.0" classname="com.connect.fluke.app.tests.ReportsPageTests">
    <ignored/>
  </testcase> <!-- verificationOfNoReportsForNewUser -->
  <testcase name="addVoltageAlarm" time="0.0" classname="com.connect.fluke.app.tests.AssetAnalysisTest">
    <ignored/>
  </testcase> <!-- addVoltageAlarm -->
  <testcase name="downloadImagesFromTIS65Test" time="0.0" classname="com.connect.fluke.app.tests.CaptureMeasurementsTests">
    <ignored/>
  </testcase> <!-- downloadImagesFromTIS65Test -->
  <testcase name="verifyEditStudyTypeTopologyPhaseColorForLoadStudy" time="0.0" classname="com.connect.fluke.app.tests.FCCM174XSessionConfigurationTests">
    <ignored/>
  </testcase> <!-- verifyEditStudyTypeTopologyPhaseColorForLoadStudy -->
  <testcase name="thermalImageMinValueVerficationOnAnalysisPage" time="0.0" classname="com.connect.fluke.app.tests.AssetAnalysisTest">
    <ignored/>
  </testcase> <!-- thermalImageMinValueVerficationOnAnalysisPage -->
  <testcase name="TI400MeasurementValueTest" time="0.0" classname="com.connect.fluke.app.tests.MeasurementsHistoryPageTests">
    <ignored/>
  </testcase> <!-- TI400MeasurementValueTest -->
  <testcase name="deleteAssetReportTest" time="0.0" classname="com.connect.fluke.app.tests.ReportsPageTests">
    <ignored/>
  </testcase> <!-- deleteAssetReportTest -->
  <testcase name="shareMeasurementInWorkOrderTest" time="0.0" classname="com.connect.fluke.app.tests.WorkOrderPageTests">
    <ignored/>
  </testcase> <!-- shareMeasurementInWorkOrderTest -->
  <testcase name="addWorkOrderToMeasurementTest" time="0.0" classname="com.connect.fluke.app.tests.WorkOrderPageTests">
    <ignored/>
  </testcase> <!-- addWorkOrderToMeasurementTest -->
  <testcase name="editFormatPageLayoutBasicReport" time="0.0" classname="com.connect.fluke.app.tests.ReportsPageTests">
    <ignored/>
  </testcase> <!-- editFormatPageLayoutBasicReport -->
  <testcase name="T3000MeasurementValueTest" time="0.0" classname="com.connect.fluke.app.tests.CaptureMeasurementsTests">
    <ignored/>
  </testcase> <!-- T3000MeasurementValueTest -->
  <testcase name="capture173XMeasurementTest" time="0.0" classname="com.connect.fluke.app.tests.CaptureMeasurementsTests">
    <ignored/>
  </testcase> <!-- capture173XMeasurementTest -->
  <testcase name="startMonitoringTest" time="0.0" classname="com.connect.fluke.app.tests.SessionSetupTests3560">
    <ignored/>
  </testcase> <!-- startMonitoringTest -->
  <testcase name="maxValueTestALLTab" time="0.0" classname="com.connect.fluke.app.tests.SessionDetailPageTests3550">
    <ignored/>
  </testcase> <!-- maxValueTestALLTab -->
  <testcase name="minValueTestALLTab" time="0.0" classname="com.connect.fluke.app.tests.SessionDetailPageTests3550">
    <ignored/>
  </testcase> <!-- minValueTestALLTab -->
  <testcase name="assignAssetToTI400MeasurementTest" time="0.0" classname="com.connect.fluke.app.tests.CaptureMeasurementsTests">
    <ignored/>
  </testcase> <!-- assignAssetToTI400MeasurementTest -->
  <testcase name="shareTIS75MeasurementTest" time="0.0" classname="com.connect.fluke.app.tests.MeasurementsHistoryPageTests">
    <ignored/>
  </testcase> <!-- shareTIS75MeasurementTest -->
  <testcase name="assignedWorkOrderToHudsonTest" time="0.0" classname="com.connect.fluke.app.tests.MeasurementsHistoryPageTests">
    <ignored/>
  </testcase> <!-- assignedWorkOrderToHudsonTest -->
  <testcase name="TIS65DownloadedMaxTempLabelSyncTest" time="0.0" classname="com.connect.fluke.app.tests.MeasurementsHistoryPageTests">
    <ignored/>
  </testcase> <!-- TIS65DownloadedMaxTempLabelSyncTest -->
  <testcase name="startRemoteMonitoringTest" time="0.0" classname="com.connect.fluke.app.tests.SessionSetupTests3550">
    <ignored/>
  </testcase> <!-- startRemoteMonitoringTest -->
  <testcase name="verifyMainSignalingVoltagesForLoadStudy" time="0.0" classname="com.connect.fluke.app.tests.FCCM174XSessionConfigurationTests">
    <ignored/>
  </testcase> <!-- verifyMainSignalingVoltagesForLoadStudy -->
  <testcase name="tempratureValueIn8H1HTabTest" time="0.0" classname="com.connect.fluke.app.tests.SessionDetailPageTests3560">
    <ignored/>
  </testcase> <!-- tempratureValueIn8H1HTabTest -->
  <testcase name="mainImageAllTest" time="0.0" classname="com.connect.fluke.app.tests.SessionDetailPageTests3550">
    <ignored/>
  </testcase> <!-- mainImageAllTest -->
  <testcase name="tempratureValueIn1HTabTest" time="0.0" classname="com.connect.fluke.app.tests.SessionDetailPageTests3560">
    <ignored/>
  </testcase> <!-- tempratureValueIn1HTabTest -->
  <testcase name="createAssetReportWithCoverPageTest" time="0.0" classname="com.connect.fluke.app.tests.ReportsPageTests">
    <ignored/>
  </testcase> <!-- createAssetReportWithCoverPageTest -->
  <testcase name="CreateReportWithThisAsset" time="0.0" classname="com.connect.fluke.app.tests.ReportsPageTests">
    <ignored/>
  </testcase> <!-- CreateReportWithThisAsset -->
  <testcase name="connectToT3000Test" time="0.0" classname="com.connect.fluke.app.tests.CaptureMeasurementsTests">
    <ignored/>
  </testcase> <!-- connectToT3000Test -->
  <testcase name="vibrationUnitInAll3WTabTest" time="0.0" classname="com.connect.fluke.app.tests.SessionDetailPageTests3560">
    <ignored/>
  </testcase> <!-- vibrationUnitInAll3WTabTest -->
  <testcase name="TI400MeasurementUnitSyncTest" time="0.0" classname="com.connect.fluke.app.tests.MeasurementsHistoryPageTests">
    <ignored/>
  </testcase> <!-- TI400MeasurementUnitSyncTest -->
  <testcase name="TI400MaxTempUnitSyncTest" time="0.0" classname="com.connect.fluke.app.tests.MeasurementsHistoryPageTests">
    <ignored/>
  </testcase> <!-- TI400MaxTempUnitSyncTest -->
  <testcase name="vibrationUnitIn1WTabTest" time="0.0" classname="com.connect.fluke.app.tests.SessionDetailPageTests3560">
    <ignored/>
  </testcase> <!-- vibrationUnitIn1WTabTest -->
  <testcase name="sliderImage1WTest" time="0.0" classname="com.connect.fluke.app.tests.SessionDetailPageTests3550">
    <ignored/>
  </testcase> <!-- sliderImage1WTest -->
  <testcase name="addTextNoteToA3002MeasurementTest" time="0.0" classname="com.connect.fluke.app.tests.CaptureMeasurementsTests">
    <ignored/>
  </testcase> <!-- addTextNoteToA3002MeasurementTest -->
  <testcase name="TI400MaxTempValueSyncTest" time="0.0" classname="com.connect.fluke.app.tests.MeasurementsHistoryPageTests">
    <ignored/>
  </testcase> <!-- TI400MaxTempValueSyncTest -->
  <testcase name="fc1555StopRemoteControlTest" time="0.0" classname="com.connect.fluke.app.tests.FC1555CaptureMeasurementPageTest">
    <ignored/>
  </testcase> <!-- fc1555StopRemoteControlTest -->
  <testcase name="assetTypeFilter" time="0.0" classname="com.connect.fluke.app.tests.AssetsPageTests">
    <ignored/>
  </testcase> <!-- assetTypeFilter -->
  <testcase name="userCanViewDifferentOptionsForFooterRight" time="0.0" classname="com.connect.fluke.app.tests.ReportsPageTests">
    <ignored/>
  </testcase> <!-- userCanViewDifferentOptionsForFooterRight -->
  <testcase name="capture369FCMeasurementTest" time="0.0" classname="com.connect.fluke.app.tests.CaptureMeasurementsTests">
    <ignored/>
  </testcase> <!-- capture369FCMeasurementTest -->
  <testcase name="shareTI450MeasurementTest" time="0.0" classname="com.connect.fluke.app.tests.CaptureMeasurementsTests">
    <ignored/>
  </testcase> <!-- shareTI450MeasurementTest -->
  <testcase name="verifyEditIntervalsForLoadStudy" time="0.0" classname="com.connect.fluke.app.tests.FCCM174XSessionConfigurationTests">
    <ignored/>
  </testcase> <!-- verifyEditIntervalsForLoadStudy -->
  <testcase name="tempratureUnitInAll3WTabTest" time="0.0" classname="com.connect.fluke.app.tests.SessionDetailPageTests3560">
    <ignored/>
  </testcase> <!-- tempratureUnitInAll3WTabTest -->
  <testcase name="TI450DownloadedMinTempUnitSyncTest" time="0.0" classname="com.connect.fluke.app.tests.MeasurementsHistoryPageTests">
    <ignored/>
  </testcase> <!-- TI450DownloadedMinTempUnitSyncTest -->
  <testcase name="clickOnSessionTileTest" time="0.0" classname="com.connect.fluke.app.tests.SessionListTests3550">
    <ignored/>
  </testcase> <!-- clickOnSessionTileTest -->
  <testcase name="tempratureUnitTest" time="0.0" classname="com.connect.fluke.app.tests.SessionDetailPageTests3550">
    <ignored/>
  </testcase> <!-- tempratureUnitTest -->
  <testcase name="liveValueUnitTestALLTab" time="0.0" classname="com.connect.fluke.app.tests.SessionDetailPageTests3550">
    <ignored/>
  </testcase> <!-- liveValueUnitTestALLTab -->
  <testcase name="config888" time="0.0" classname="com.connect.fluke.app.tests.LastConfig">
    <ignored/>
  </testcase> <!-- config888 -->
  <testcase name="addAboveAlarmTest" time="0.0" classname="com.connect.fluke.app.tests.SessionSetupTests3550">
    <ignored/>
  </testcase> <!-- addAboveAlarmTest -->
  <testcase name="minValueUnitTest1MTab" time="0.0" classname="com.connect.fluke.app.tests.SessionDetailPageTests3550">
    <ignored/>
  </testcase> <!-- minValueUnitTest1MTab -->
  <testcase name="a3000AssignedWorkOrderSyncTest" time="0.0" classname="com.connect.fluke.app.tests.MeasurementsHistoryPageTests">
    <ignored/>
  </testcase> <!-- a3000AssignedWorkOrderSyncTest -->
  <testcase name="verifyIntervalsForLoadStudy" time="0.0" classname="com.connect.fluke.app.tests.FCCM174XSessionConfigurationTests">
    <ignored/>
  </testcase> <!-- verifyIntervalsForLoadStudy -->
  <testcase name="minValueTest1WTab" time="0.0" classname="com.connect.fluke.app.tests.SessionDetailPageTests3550">
    <ignored/>
  </testcase> <!-- minValueTest1WTab -->
  <testcase name="liveValueTest1MTab" time="0.0" classname="com.connect.fluke.app.tests.SessionDetailPageTests3550">
    <ignored/>
  </testcase> <!-- liveValueTest1MTab -->
  <testcase name="TI450DownloadedMaxTempUnitTest" time="0.0" classname="com.connect.fluke.app.tests.MeasurementsHistoryPageTests">
    <ignored/>
  </testcase> <!-- TI450DownloadedMaxTempUnitTest -->
  <testcase name="currentAllGraphTabCheck" time="0.0" classname="com.connect.fluke.app.tests.PowerQuality3540CompletedSessionTests">
    <ignored/>
  </testcase> <!-- currentAllGraphTabCheck -->
  <testcase name="gateWayNameTest" time="0.0" classname="com.connect.fluke.app.tests.SessionListTests3560">
    <ignored/>
  </testcase> <!-- gateWayNameTest -->
  <testcase name="addBeakerVerficationOnSavedPage" time="0.0" classname="com.connect.fluke.app.tests.AssetAnalysisTest">
    <ignored/>
  </testcase> <!-- addBeakerVerficationOnSavedPage -->
  <testcase name="fc1555Disconnect" time="0.0" classname="com.connect.fluke.app.tests.FC1555CaptureMeasurementPageTest">
    <ignored/>
  </testcase> <!-- fc1555Disconnect -->
  <testcase name="TIS65DownloadedMeasurmentDeviceNameTest" time="0.0" classname="com.connect.fluke.app.tests.MeasurementsHistoryPageTests">
    <ignored/>
  </testcase> <!-- TIS65DownloadedMeasurmentDeviceNameTest -->
  <testcase name="TI400DownloadedMeasurmentDeviceNameSyncTest" time="0.0" classname="com.connect.fluke.app.tests.MeasurementsHistoryPageTests">
    <ignored/>
  </testcase> <!-- TI400DownloadedMeasurmentDeviceNameSyncTest -->
  <testcase name="tempratureUnitTest" time="0.0" classname="com.connect.fluke.app.tests.SessionDetailPageTests3560">
    <ignored/>
  </testcase> <!-- tempratureUnitTest -->
  <testcase name="TI450DeviceNameTest" time="0.0" classname="com.connect.fluke.app.tests.CaptureMeasurementsTests">
    <ignored/>
  </testcase> <!-- TI450DeviceNameTest -->
  <testcase name="measurementDuplicateFirstWorkOrderTest" time="0.0" classname="com.connect.fluke.app.tests.WorkOrderPageTests">
    <ignored/>
  </testcase> <!-- measurementDuplicateFirstWorkOrderTest -->
  <testcase name="clickOnSessionTileTest" time="0.0" classname="com.connect.fluke.app.tests.SessionListTests3540">
    <ignored/>
  </testcase> <!-- clickOnSessionTileTest -->
  <testcase name="frequency1HGraphTabCheck" time="0.0" classname="com.connect.fluke.app.tests.PowerQuality3540CompletedSessionTests">
    <ignored/>
  </testcase> <!-- frequency1HGraphTabCheck -->
  <testcase name="TI400MinTempLabelTest" time="0.0" classname="com.connect.fluke.app.tests.CaptureMeasurementsTests">
    <ignored/>
  </testcase> <!-- TI400MinTempLabelTest -->
  <testcase name="A3002DeviceNameTest" time="0.0" classname="com.connect.fluke.app.tests.CaptureMeasurementsTests">
    <ignored/>
  </testcase> <!-- A3002DeviceNameTest -->
  <testcase name="saveV3000MeasurementTest" time="0.0" classname="com.connect.fluke.app.tests.CaptureMeasurementsTests">
    <ignored/>
  </testcase> <!-- saveV3000MeasurementTest -->
  <testcase name="minValueTest" time="0.0" classname="com.connect.fluke.app.tests.SessionDetailPageTests3550">
    <ignored/>
  </testcase> <!-- minValueTest -->
  <testcase name="powerOverView_KVA_1MGraphTabCheck" time="0.0" classname="com.connect.fluke.app.tests.PowerQuality3540CompletedSessionTests">
    <ignored/>
  </testcase> <!-- powerOverView_KVA_1MGraphTabCheck -->
  <testcase name="addCNXVerficationOnSavedPage" time="0.0" classname="com.connect.fluke.app.tests.AssetAnalysisTest">
    <ignored/>
  </testcase> <!-- addCNXVerficationOnSavedPage -->
  <testcase name="TI450MeasurementUnitSyncTest" time="0.0" classname="com.connect.fluke.app.tests.MeasurementsHistoryPageTests">
    <ignored/>
  </testcase> <!-- TI450MeasurementUnitSyncTest -->
  <testcase name="TIS75DownloadedMaxTempValueSyncTest" time="0.0" classname="com.connect.fluke.app.tests.MeasurementsHistoryPageTests">
    <ignored/>
  </testcase> <!-- TIS75DownloadedMaxTempValueSyncTest -->
  <testcase name="fc1555GetRemoteControlConfirmationMessagesVerification" time="0.0" classname="com.connect.fluke.app.tests.FC1555CaptureMeasurementPageTest">
    <ignored/>
  </testcase> <!-- fc1555GetRemoteControlConfirmationMessagesVerification -->
  <testcase name="captureManualMeasurementTest" time="0.0" classname="com.connect.fluke.app.tests.CaptureMeasurementsTests">
    <ignored/>
  </testcase> <!-- captureManualMeasurementTest -->
  <testcase name="TIS75DownloadedMinTempLabelSyncTest" time="0.0" classname="com.connect.fluke.app.tests.MeasurementsHistoryPageTests">
    <ignored/>
  </testcase> <!-- TIS75DownloadedMinTempLabelSyncTest -->
  <testcase name="createThermalImageReportTest" time="0.0" classname="com.connect.fluke.app.tests.ReportsPageTests">
    <ignored/>
  </testcase> <!-- createThermalImageReportTest -->
  <testcase name="assignWorkOrderTo369FCMeasurementTest" time="0.0" classname="com.connect.fluke.app.tests.CaptureMeasurementsTests">
    <ignored/>
  </testcase> <!-- assignWorkOrderTo369FCMeasurementTest -->
  <testcase name="TI400DownloadedMeasurementUnitSyncTest" time="0.0" classname="com.connect.fluke.app.tests.MeasurementsHistoryPageTests">
    <ignored/>
  </testcase> <!-- TI400DownloadedMeasurementUnitSyncTest -->
  <testcase name="downloadEventLoggingSessionTest" time="0.0" classname="com.connect.fluke.app.tests.EventLogging3540test">
    <ignored/>
  </testcase> <!-- downloadEventLoggingSessionTest -->
  <testcase name="V3000DeviceNameTest" time="0.0" classname="com.connect.fluke.app.tests.CaptureMeasurementsTests">
    <ignored/>
  </testcase> <!-- V3000DeviceNameTest -->
  <testcase name="powerOverView_Kvar_1HGraphTabCheck" time="0.0" classname="com.connect.fluke.app.tests.PowerQuality3540CompletedSessionTests">
    <ignored/>
  </testcase> <!-- powerOverView_Kvar_1HGraphTabCheck -->
  <testcase name="addTextNoteTo369FCMeasurementTest" time="0.0" classname="com.connect.fluke.app.tests.CaptureMeasurementsTests">
    <ignored/>
  </testcase> <!-- addTextNoteTo369FCMeasurementTest -->
  <testcase name="sessionTileStatusTest" time="0.0" classname="com.connect.fluke.app.tests.SessionListTests3540">
    <ignored/>
  </testcase> <!-- sessionTileStatusTest -->
  <testcase name="verifyEventTriggersAndLimitsForLoadStudy" time="0.0" classname="com.connect.fluke.app.tests.FCCM174XSessionConfigurationTests">
    <ignored/>
  </testcase> <!-- verifyEventTriggersAndLimitsForLoadStudy -->
  <testcase name="a3000AssignedAssetSyncTest" time="0.0" classname="com.connect.fluke.app.tests.MeasurementsHistoryPageTests">
    <ignored/>
  </testcase> <!-- a3000AssignedAssetSyncTest -->
  <testcase name="assignAssetTest" time="0.0" classname="com.connect.fluke.app.tests.SessionSetupTests3550">
    <ignored/>
  </testcase> <!-- assignAssetTest -->
  <testcase name="download437MeasurementTest" time="0.0" classname="com.connect.fluke.app.tests.CaptureMeasurementsTests">
    <ignored/>
  </testcase> <!-- download437MeasurementTest -->
  <testcase name="timeValueIn3WTabTest" time="0.0" classname="com.connect.fluke.app.tests.SessionDetailPageTests3560">
    <ignored/>
  </testcase> <!-- timeValueIn3WTabTest -->
  <testcase name="TIS65DownloadedMaxTempUnitSyncTest" time="0.0" classname="com.connect.fluke.app.tests.MeasurementsHistoryPageTests">
    <ignored/>
  </testcase> <!-- TIS65DownloadedMaxTempUnitSyncTest -->
  <testcase name="sliderImageTest" time="0.0" classname="com.connect.fluke.app.tests.SessionDetailPageTests3550">
    <ignored/>
  </testcase> <!-- sliderImageTest -->
  <testcase name="captureV3000MeasurementTest" time="0.0" classname="com.connect.fluke.app.tests.CaptureMeasurementsTests">
    <ignored/>
  </testcase> <!-- captureV3000MeasurementTest -->
  <testcase name="viewMoreCheck" time="0.0" classname="com.connect.fluke.app.tests.Thermography3550CompletedSessionTests">
    <ignored/>
  </testcase> <!-- viewMoreCheck -->
  <testcase name="clickOnSessionTileTest" time="0.0" classname="com.connect.fluke.app.tests.SessionListTests3560">
    <ignored/>
  </testcase> <!-- clickOnSessionTileTest -->
  <testcase name="A3000DeviceNameTest" time="0.0" classname="com.connect.fluke.app.tests.CaptureMeasurementsTests">
    <ignored/>
  </testcase> <!-- A3000DeviceNameTest -->
  <testcase name="switchBetweenPowerOverViewView" time="0.0" classname="com.connect.fluke.app.tests.PowerQuality3540CompletedSessionTests">
    <ignored/>
  </testcase> <!-- switchBetweenPowerOverViewView -->
  <testcase name="TI400MeasurementValueSyncTest" time="0.0" classname="com.connect.fluke.app.tests.MeasurementsHistoryPageTests">
    <ignored/>
  </testcase> <!-- TI400MeasurementValueSyncTest -->
  <testcase name="powerFactor1HGraphTabCheck" time="0.0" classname="com.connect.fluke.app.tests.PowerQuality3540CompletedSessionTests">
    <ignored/>
  </testcase> <!-- powerFactor1HGraphTabCheck -->
  <testcase name="sessionTileStatusTest" time="0.0" classname="com.connect.fluke.app.tests.SessionListTests3550">
    <ignored/>
  </testcase> <!-- sessionTileStatusTest -->
  <testcase name="t3000AssignedAssetSyncTest" time="0.0" classname="com.connect.fluke.app.tests.MeasurementsHistoryPageTests">
    <ignored/>
  </testcase> <!-- t3000AssignedAssetSyncTest -->
  <testcase name="assignAssetTest" time="0.0" classname="com.connect.fluke.app.tests.SessionSetupTests3560">
    <ignored/>
  </testcase> <!-- assignAssetTest -->
  <testcase name="eeveeCompResistanceValueWithoutGreaterThanOrLessThanAndTempValueZeroTest" time="0.0" classname="com.connect.fluke.app.tests.FC1555CaptureMeasurementPageTest">
    <ignored/>
  </testcase> <!-- eeveeCompResistanceValueWithoutGreaterThanOrLessThanAndTempValueZeroTest -->
  <testcase name="mainImageMobileTest" time="0.0" classname="com.connect.fluke.app.tests.SessionDetailPageTests3550">
    <ignored/>
  </testcase> <!-- mainImageMobileTest -->
  <testcase name="TIS75DownloadedMeasurementUnitTest" time="0.0" classname="com.connect.fluke.app.tests.MeasurementsHistoryPageTests">
    <ignored/>
  </testcase> <!-- TIS75DownloadedMeasurementUnitTest -->
  <testcase name="powerOverView_Total_AllGraphTabCheck" time="0.0" classname="com.connect.fluke.app.tests.PowerQuality3540CompletedSessionTests">
    <ignored/>
  </testcase> <!-- powerOverView_Total_AllGraphTabCheck -->
  <testcase name="measurementsWorkOrderDeleteTest" time="0.0" classname="com.connect.fluke.app.tests.WorkOrderPageTests">
    <ignored/>
  </testcase> <!-- measurementsWorkOrderDeleteTest -->
  <testcase name="verifyHarmonicsMeasurementModeForLoadStudy" time="0.0" classname="com.connect.fluke.app.tests.FCCM174XSessionConfigurationTests">
    <ignored/>
  </testcase> <!-- verifyHarmonicsMeasurementModeForLoadStudy -->
  <testcase name="TI450DownloadedMeasurementValueSyncTest" time="0.0" classname="com.connect.fluke.app.tests.MeasurementsHistoryPageTests">
    <ignored/>
  </testcase> <!-- TI450DownloadedMeasurementValueSyncTest -->
  <testcase name="verifyUserNotificationTest" time="0.0" classname="com.connect.fluke.app.tests.WorkOrderPageTests">
    <ignored/>
  </testcase> <!-- verifyUserNotificationTest -->
  <testcase name="aboveThresholdAlarmNotificationTest" time="0.0" classname="com.connect.fluke.app.tests.SessionDetailPageTests3550">
    <ignored/>
  </testcase> <!-- aboveThresholdAlarmNotificationTest -->
  <testcase name="TIS65DownloadedMeasurmentDeviceNameSyncTest" time="0.0" classname="com.connect.fluke.app.tests.MeasurementsHistoryPageTests">
    <ignored/>
  </testcase> <!-- TIS65DownloadedMeasurmentDeviceNameSyncTest -->
  <testcase name="TI400DownloadedMaxTempValueTest" time="0.0" classname="com.connect.fluke.app.tests.MeasurementsHistoryPageTests">
    <ignored/>
  </testcase> <!-- TI400DownloadedMaxTempValueTest -->
  <testcase name="addedMuseVerficationOnSavedPage" time="0.0" classname="com.connect.fluke.app.tests.AssetAnalysisTest">
    <ignored/>
  </testcase> <!-- addedMuseVerficationOnSavedPage -->
  <testcase name="maxValueTest1DTab" time="0.0" classname="com.connect.fluke.app.tests.SessionDetailPageTests3550">
    <ignored/>
  </testcase> <!-- maxValueTest1DTab -->
  <testcase name="minValueUnitTest1DTab" time="0.0" classname="com.connect.fluke.app.tests.SessionDetailPageTests3550">
    <ignored/>
  </testcase> <!-- minValueUnitTest1DTab -->
  <testcase name="addWorkOrderWithoutMeasurementsTest" time="0.0" classname="com.connect.fluke.app.tests.WorkOrderPageTests">
    <ignored/>
  </testcase> <!-- addWorkOrderWithoutMeasurementsTest -->
  <testcase name="assignAssetToTI450MeasurementTest" time="0.0" classname="com.connect.fluke.app.tests.CaptureMeasurementsTests">
    <ignored/>
  </testcase> <!-- assignAssetToTI450MeasurementTest -->
  <testcase name="fc1555DisconnectionTest" time="0.0" classname="com.connect.fluke.app.tests.FC1555CaptureMeasurementPageTest">
    <ignored/>
  </testcase> <!-- fc1555DisconnectionTest -->
  <testcase name="addTextNoteToV3000MeasurementTest" time="0.0" classname="com.connect.fluke.app.tests.CaptureMeasurementsTests">
    <ignored/>
  </testcase> <!-- addTextNoteToV3000MeasurementTest -->
  <testcase name="basicReportWithoutCoverPageAndTableOFContents" time="0.0" classname="com.connect.fluke.app.tests.ReportsPageTests">
    <ignored/>
  </testcase> <!-- basicReportWithoutCoverPageAndTableOFContents -->
  <testcase name="save369FCMeasurementTest" time="0.0" classname="com.connect.fluke.app.tests.CaptureMeasurementsTests">
    <ignored/>
  </testcase> <!-- save369FCMeasurementTest -->
  <testcase name="TI400MinTempValueTest" time="0.0" classname="com.connect.fluke.app.tests.MeasurementsHistoryPageTests">
    <ignored/>
  </testcase> <!-- TI400MinTempValueTest -->
  <testcase name="zAxisLabelIn1HTabTest" time="0.0" classname="com.connect.fluke.app.tests.SessionDetailPageTests3560">
    <ignored/>
  </testcase> <!-- zAxisLabelIn1HTabTest -->
  <testcase name="tempratureValueIn1W8HTabTest" time="0.0" classname="com.connect.fluke.app.tests.SessionDetailPageTests3560">
    <ignored/>
  </testcase> <!-- tempratureValueIn1W8HTabTest -->
  <testcase name="alertIconTest" time="0.0" classname="com.connect.fluke.app.tests.SessionDetailPageTests3550">
    <ignored/>
  </testcase> <!-- alertIconTest -->
  <testcase name="powerOverView_PhaseC_1HGraphTabCheck" time="0.0" classname="com.connect.fluke.app.tests.PowerQuality3540CompletedSessionTests">
    <ignored/>
  </testcase> <!-- powerOverView_PhaseC_1HGraphTabCheck -->
  <testcase name="threeTypesOfRpeortsVisibleToUser" time="0.0" classname="com.connect.fluke.app.tests.ReportsPageTests">
    <ignored/>
  </testcase> <!-- threeTypesOfRpeortsVisibleToUser -->
  <testcase name="tempratureValueIn8HTabTest" time="0.0" classname="com.connect.fluke.app.tests.SessionDetailPageTests3560">
    <ignored/>
  </testcase> <!-- tempratureValueIn8HTabTest -->
  <testcase name="minValueUnitTest" time="0.0" classname="com.connect.fluke.app.tests.SessionDetailPageTests3550">
    <ignored/>
  </testcase> <!-- minValueUnitTest -->
  <testcase name="minLabelIn1HTabTest" time="0.0" classname="com.connect.fluke.app.tests.SessionDetailPageTests3550">
    <ignored/>
  </testcase> <!-- minLabelIn1HTabTest -->
  <testcase name="added805VerficationOnMeasurementPage" time="0.0" classname="com.connect.fluke.app.tests.AssetAnalysisTest">
    <ignored/>
  </testcase> <!-- added805VerficationOnMeasurementPage -->
  <testcase name="verifySavedConfigMenuOptions" time="0.0" classname="com.connect.fluke.app.tests.FCCM174XSessionConfigurationTests">
    <ignored/>
  </testcase> <!-- verifySavedConfigMenuOptions -->
  <testcase name="TIS75DownloadedMeasurementValueTest" time="0.0" classname="com.connect.fluke.app.tests.MeasurementsHistoryPageTests">
    <ignored/>
  </testcase> <!-- TIS75DownloadedMeasurementValueTest -->
  <testcase name="isWorkOrderAssignedToHudsonTest" time="0.0" classname="com.connect.fluke.app.tests.MeasurementsHistoryPageTests">
    <ignored/>
  </testcase> <!-- isWorkOrderAssignedToHudsonTest -->
  <testcase name="TIS65DownloadedMaxTempValueTest" time="0.0" classname="com.connect.fluke.app.tests.MeasurementsHistoryPageTests">
    <ignored/>
  </testcase> <!-- TIS65DownloadedMaxTempValueTest -->
  <testcase name="filterSavedDataTest" time="0.0" classname="com.connect.fluke.app.tests.WorkOrderPageTests">
    <ignored/>
  </testcase> <!-- filterSavedDataTest -->
  <testcase name="TI450MeasurementValueTest" time="0.0" classname="com.connect.fluke.app.tests.MeasurementsHistoryPageTests">
    <ignored/>
  </testcase> <!-- TI450MeasurementValueTest -->
  <testcase name="powerOverView_PhaseA_1DGraphTabCheck" time="0.0" classname="com.connect.fluke.app.tests.PowerQuality3540CompletedSessionTests">
    <ignored/>
  </testcase> <!-- powerOverView_PhaseA_1DGraphTabCheck -->
  <testcase name="isHudsonMeasurementsUnitsSavedCorrectlyTest" time="0.0" classname="com.connect.fluke.app.tests.MeasurementsHistoryPageTests">
    <ignored/>
  </testcase> <!-- isHudsonMeasurementsUnitsSavedCorrectlyTest -->
  <testcase name="frequency1MGraphTabCheck" time="0.0" classname="com.connect.fluke.app.tests.PowerQuality3540CompletedSessionTests">
    <ignored/>
  </testcase> <!-- frequency1MGraphTabCheck -->
  <testcase name="onNewAccountSampleDataTest" time="0.0" classname="com.connect.fluke.app.tests.CreateAccountPageTests">
    <ignored/>
  </testcase> <!-- onNewAccountSampleDataTest -->
  <testcase name="editFormatPageLayoutTIReport" time="0.0" classname="com.connect.fluke.app.tests.ReportsPageTests">
    <ignored/>
  </testcase> <!-- editFormatPageLayoutTIReport -->
  <testcase name="downloadImagesFromTI450Test" time="0.0" classname="com.connect.fluke.app.tests.CaptureMeasurementsTests">
    <ignored/>
  </testcase> <!-- downloadImagesFromTI450Test -->
  <testcase name="scrollGraphRight8HTab" time="0.0" classname="com.connect.fluke.app.tests.SessionDetailPageTests3560">
    <ignored/>
  </testcase> <!-- scrollGraphRight8HTab -->
  <testcase name="tHD_THC_THDV_1HGraphTabCheck" time="0.0" classname="com.connect.fluke.app.tests.PowerQuality3540CompletedSessionTests">
    <ignored/>
  </testcase> <!-- tHD_THC_THDV_1HGraphTabCheck -->
  <testcase name="alertIconTest" time="0.0" classname="com.connect.fluke.app.tests.SessionDetailPageTests3560">
    <ignored/>
  </testcase> <!-- alertIconTest -->
  <testcase name="measurementUnitTimeValueInDifferentTabsTestProd" time="0.0" classname="com.connect.fluke.app.tests.SessionDetailPageTests3560">
    <ignored/>
  </testcase> <!-- measurementUnitTimeValueInDifferentTabsTestProd -->
  <testcase name="minLabelIn1HTabTest" time="0.0" classname="com.connect.fluke.app.tests.SessionDetailPageTests3560">
    <ignored/>
  </testcase> <!-- minLabelIn1HTabTest -->
  <testcase name="shareT3000MeasurementTest" time="0.0" classname="com.connect.fluke.app.tests.CaptureMeasurementsTests">
    <ignored/>
  </testcase> <!-- shareT3000MeasurementTest -->
  <testcase name="addBelowAlarmTest" time="0.0" classname="com.connect.fluke.app.tests.SessionSetupTests3550">
    <ignored/>
  </testcase> <!-- addBelowAlarmTest -->
  <testcase name="downloadImagesFromTIS75Test" time="0.0" classname="com.connect.fluke.app.tests.CaptureMeasurementsTests">
    <ignored/>
  </testcase> <!-- downloadImagesFromTIS75Test -->
  <testcase name="formatePageLayoutOfAssetReport" time="0.0" classname="com.connect.fluke.app.tests.ReportsPageTests">
    <ignored/>
  </testcase> <!-- formatePageLayoutOfAssetReport -->
  <testcase name="tHD_THC_THCA_AllGraphTabCheck" time="0.0" classname="com.connect.fluke.app.tests.PowerQuality3540CompletedSessionTests">
    <ignored/>
  </testcase> <!-- tHD_THC_THCA_AllGraphTabCheck -->
  <testcase name="dateValueIn3W1WTabTest" time="0.0" classname="com.connect.fluke.app.tests.SessionDetailPageTests3560">
    <ignored/>
  </testcase> <!-- dateValueIn3W1WTabTest -->
  <testcase name="measurementsWorkOrderUpdateTest" time="0.0" classname="com.connect.fluke.app.tests.WorkOrderPageTests">
    <ignored/>
  </testcase> <!-- measurementsWorkOrderUpdateTest -->
  <testcase name="powerOverView_Total_1WGraphTabCheck" time="0.0" classname="com.connect.fluke.app.tests.PowerQuality3540CompletedSessionTests">
    <ignored/>
  </testcase> <!-- powerOverView_Total_1WGraphTabCheck -->
  <testcase name="verifyAddAsset" time="0.0" classname="com.connect.fluke.app.tests.AssetsPageTests">
    <ignored/>
  </testcase> <!-- verifyAddAsset -->
  <testcase name="shareA3000MeasurementTest" time="0.0" classname="com.connect.fluke.app.tests.CaptureMeasurementsTests">
    <ignored/>
  </testcase> <!-- shareA3000MeasurementTest -->
  <testcase name="verifydeleteTestComponent" time="0.0" classname="com.connect.fluke.app.tests.AssetsPageTests">
    <ignored/>
  </testcase> <!-- verifydeleteTestComponent -->
  <testcase name="sessionTileStatusTest" time="0.0" classname="com.connect.fluke.app.tests.SessionListTests3560">
    <ignored/>
  </testcase> <!-- sessionTileStatusTest -->
  <testcase name="captureA3000MeasurementTest" time="0.0" classname="com.connect.fluke.app.tests.CaptureMeasurementsTests">
    <ignored/>
  </testcase> <!-- captureA3000MeasurementTest -->
  <testcase name="vibrationUnitIn8H1HTabTest" time="0.0" classname="com.connect.fluke.app.tests.SessionDetailPageTests3560">
    <ignored/>
  </testcase> <!-- vibrationUnitIn8H1HTabTest -->
  <testcase name="vibrationUnitIn1HTabTest" time="0.0" classname="com.connect.fluke.app.tests.SessionDetailPageTests3560">
    <ignored/>
  </testcase> <!-- vibrationUnitIn1HTabTest -->
  <testcase name="assignWorkOrderToTIS75MeasurementSyncTest" time="0.0" classname="com.connect.fluke.app.tests.MeasurementsHistoryPageTests">
    <ignored/>
  </testcase> <!-- assignWorkOrderToTIS75MeasurementSyncTest -->
  <testcase name="A3002MeasurementValueTest" time="0.0" classname="com.connect.fluke.app.tests.CaptureMeasurementsTests">
    <ignored/>
  </testcase> <!-- A3002MeasurementValueTest -->
  <testcase name="powerOverView_PhaseB_1WGraphTabCheck" time="0.0" classname="com.connect.fluke.app.tests.PowerQuality3540CompletedSessionTests">
    <ignored/>
  </testcase> <!-- powerOverView_PhaseB_1WGraphTabCheck -->
  <testcase name="TI450MinTempUnitSyncTest" time="0.0" classname="com.connect.fluke.app.tests.MeasurementsHistoryPageTests">
    <ignored/>
  </testcase> <!-- TI450MinTempUnitSyncTest -->
  <testcase name="vibrationValueIn1W8HTabTest" time="0.0" classname="com.connect.fluke.app.tests.SessionDetailPageTests3560">
    <ignored/>
  </testcase> <!-- vibrationValueIn1W8HTabTest -->
  <testcase name="workOrderHomeScreenVisualTest" time="0.0" classname="com.connect.fluke.app.tests.VisualTests">
    <ignored/>
  </testcase> <!-- workOrderHomeScreenVisualTest -->
  <testcase name="voltage1WGraphTabCheck" time="0.0" classname="com.connect.fluke.app.tests.PowerQuality3540CompletedSessionTests">
    <ignored/>
  </testcase> <!-- voltage1WGraphTabCheck -->
  <testcase name="gatewayProvisionTest" time="0.0" classname="com.connect.fluke.app.tests.SessionSetupTests3560">
    <ignored/>
  </testcase> <!-- gatewayProvisionTest -->
  <testcase name="verifyLoggerAuthenticationPage" time="0.0" classname="com.connect.fluke.app.tests.FCCM174XSessionConfigurationTests">
    <ignored/>
  </testcase> <!-- verifyLoggerAuthenticationPage -->
  <testcase name="TIS65DownloadedMeasurementValueTest" time="0.0" classname="com.connect.fluke.app.tests.MeasurementsHistoryPageTests">
    <ignored/>
  </testcase> <!-- TIS65DownloadedMeasurementValueTest -->
  <testcase name="switchBetweenGraphView" time="0.0" classname="com.connect.fluke.app.tests.PowerQuality3540CompletedSessionTests">
    <ignored/>
  </testcase> <!-- switchBetweenGraphView -->
  <testcase name="addedThermalImageVerficationOnSavedPage" time="0.0" classname="com.connect.fluke.app.tests.AssetAnalysisTest">
    <ignored/>
  </testcase> <!-- addedThermalImageVerficationOnSavedPage -->
  <testcase name="addPowerFactorAlarm" time="0.0" classname="com.connect.fluke.app.tests.AssetAnalysisTest">
    <ignored/>
  </testcase> <!-- addPowerFactorAlarm -->
  <testcase name="shareTI400MeasurementTest" time="0.0" classname="com.connect.fluke.app.tests.CaptureMeasurementsTests">
    <ignored/>
  </testcase> <!-- shareTI400MeasurementTest -->
  <testcase name="recordMeasurementTest" time="0.0" classname="com.connect.fluke.app.tests.CaptureMeasurementsTests">
    <ignored/>
  </testcase> <!-- recordMeasurementTest -->
  <testcase name="verifyFlickerLampModelForLoadStudy" time="0.0" classname="com.connect.fluke.app.tests.FCCM174XSessionConfigurationTests">
    <ignored/>
  </testcase> <!-- verifyFlickerLampModelForLoadStudy -->
  <testcase name="sessionStartUserNameTest" time="0.0" classname="com.connect.fluke.app.tests.SessionListTests3560">
    <ignored/>
  </testcase> <!-- sessionStartUserNameTest -->
  <testcase name="TI400MaxTempLabelTest" time="0.0" classname="com.connect.fluke.app.tests.MeasurementsHistoryPageTests">
    <ignored/>
  </testcase> <!-- TI400MaxTempLabelTest -->
  <testcase name="sortByLastUpdateDate" time="0.0" classname="com.connect.fluke.app.tests.AssetsPageTests">
    <ignored/>
  </testcase> <!-- sortByLastUpdateDate -->
  <testcase name="frequency1DGraphTabCheck" time="0.0" classname="com.connect.fluke.app.tests.PowerQuality3540CompletedSessionTests">
    <ignored/>
  </testcase> <!-- frequency1DGraphTabCheck -->
  <testcase name="connectToV3000Test" time="0.0" classname="com.connect.fluke.app.tests.CaptureMeasurementsTests">
    <ignored/>
  </testcase> <!-- connectToV3000Test -->
  <testcase name="A3000MeasurementUnitTest" time="0.0" classname="com.connect.fluke.app.tests.CaptureMeasurementsTests">
    <ignored/>
  </testcase> <!-- A3000MeasurementUnitTest -->
  <testcase name="sessionDeleteTest" time="0.0" classname="com.connect.fluke.app.tests.SessionEndTests3550">
    <ignored/>
  </testcase> <!-- sessionDeleteTest -->
  <testcase name="yAxisLabelIn1HTabTest" time="0.0" classname="com.connect.fluke.app.tests.SessionDetailPageTests3560">
    <ignored/>
  </testcase> <!-- yAxisLabelIn1HTabTest -->
  <testcase name="liveValueUnitTest1MTab" time="0.0" classname="com.connect.fluke.app.tests.SessionDetailPageTests3550">
    <ignored/>
  </testcase> <!-- liveValueUnitTest1MTab -->
  <testcase name="verifySessionSetupPage" time="0.0" classname="com.connect.fluke.app.tests.FCCM174XSessionConfigurationTests">
    <ignored/>
  </testcase> <!-- verifySessionSetupPage -->
  <testcase name="captureGroupMeasurementTest" time="0.0" classname="com.connect.fluke.app.tests.CaptureMeasurementsTests">
    <ignored/>
  </testcase> <!-- captureGroupMeasurementTest -->
  <testcase name="verifyRememberUsernamePassword" time="0.0" classname="com.connect.fluke.app.tests.FCCM174XSessionConfigurationTests">
    <ignored/>
  </testcase> <!-- verifyRememberUsernamePassword -->
  <testcase name="powerOverView_PhaseC_1MGraphTabCheck" time="0.0" classname="com.connect.fluke.app.tests.PowerQuality3540CompletedSessionTests">
    <ignored/>
  </testcase> <!-- powerOverView_PhaseC_1MGraphTabCheck -->
  <testcase name="TI450MaxTempValueSyncTest" time="0.0" classname="com.connect.fluke.app.tests.MeasurementsHistoryPageTests">
    <ignored/>
  </testcase> <!-- TI450MaxTempValueSyncTest -->
  <testcase name="deleteMultipleMeasurementsTest" time="0.0" classname="com.connect.fluke.app.tests.MeasurementsHistoryPageTests">
    <ignored/>
  </testcase> <!-- deleteMultipleMeasurementsTest -->
  <testcase name="addTextNoteToTIS75MeasurementTest" time="0.0" classname="com.connect.fluke.app.tests.MeasurementsHistoryPageTests">
    <ignored/>
  </testcase> <!-- addTextNoteToTIS75MeasurementTest -->
  <testcase name="addTextNoteToTI400MeasurementTest" time="0.0" classname="com.connect.fluke.app.tests.CaptureMeasurementsTests">
    <ignored/>
  </testcase> <!-- addTextNoteToTI400MeasurementTest -->
  <testcase name="TI450MinTempValueTest" time="0.0" classname="com.connect.fluke.app.tests.CaptureMeasurementsTests">
    <ignored/>
  </testcase> <!-- TI450MinTempValueTest -->
  <testcase name="tHD_THC_THDA_1HGraphTabCheck" time="0.0" classname="com.connect.fluke.app.tests.PowerQuality3540CompletedSessionTests">
    <ignored/>
  </testcase> <!-- tHD_THC_THDA_1HGraphTabCheck -->
  <testcase name="voltage1MGraphTabCheck" time="0.0" classname="com.connect.fluke.app.tests.PowerQuality3540CompletedSessionTests">
    <ignored/>
  </testcase> <!-- voltage1MGraphTabCheck -->
  <testcase name="addedThermalImageVerficationOnAnalysisPage" time="0.0" classname="com.connect.fluke.app.tests.AssetAnalysisTest">
    <ignored/>
  </testcase> <!-- addedThermalImageVerficationOnAnalysisPage -->
  <testcase name="vibrationValueIn1HTabTest" time="0.0" classname="com.connect.fluke.app.tests.SessionDetailPageTests3560">
    <ignored/>
  </testcase> <!-- vibrationValueIn1HTabTest -->
  <testcase name="deleteMultipleAssetReportTest" time="0.0" classname="com.connect.fluke.app.tests.ReportsPageTests">
    <ignored/>
  </testcase> <!-- deleteMultipleAssetReportTest -->
  <testcase name="tHD_THC_THDV_AllGraphTabCheck" time="0.0" classname="com.connect.fluke.app.tests.PowerQuality3540CompletedSessionTests">
    <ignored/>
  </testcase> <!-- tHD_THC_THDV_AllGraphTabCheck -->
  <testcase name="verifyConfigOverview" time="0.0" classname="com.connect.fluke.app.tests.FCCM174XSessionConfigurationTests">
    <ignored/>
  </testcase> <!-- verifyConfigOverview -->
[...]
  <testcase name="assignAssetToTIS75DownloadedMeasurementTest" time="0.0" classname="com.connect.fluke.app.tests.MeasurementsHistoryPageTests">
    <ignored/>
  </testcase> <!-- assignAssetToTIS75DownloadedMeasurementTest -->
  <testcase name="verifyInProgressWorkOrderOnHomeScreenTest" time="0.0" classname="com.connect.fluke.app.tests.WorkOrderPageTests">
    <ignored/>
  </testcase> <!-- verifyInProgressWorkOrderOnHomeScreenTest -->
  <testcase name="sessionStartTimeTest" time="0.0" classname="com.connect.fluke.app.tests.SessionDetailPageTests3540">
    <ignored/>
  </testcase> <!-- sessionStartTimeTest -->
  <testcase name="deleteThermalImageReportTest" time="0.0" classname="com.connect.fluke.app.tests.ReportsPageTests">
    <ignored/>
  </testcase> <!-- deleteThermalImageReportTest -->
  <testcase name="TI450MinTempUnitTest" time="0.0" classname="com.connect.fluke.app.tests.CaptureMeasurementsTests">
    <ignored/>
  </testcase> <!-- TI450MinTempUnitTest -->
  <testcase name="a3002AssignedAssetSyncTest" time="0.0" classname="com.connect.fluke.app.tests.MeasurementsHistoryPageTests">
    <ignored/>
  </testcase> <!-- a3002AssignedAssetSyncTest -->
  <testcase name="TI450MinTempLabelTest" time="0.0" classname="com.connect.fluke.app.tests.CaptureMeasurementsTests">
    <ignored/>
  </testcase> <!-- TI450MinTempLabelTest -->
  <testcase name="assetNameTest" time="0.0" classname="com.connect.fluke.app.tests.SessionDetailPageTests3540">
    <ignored/>
  </testcase> <!-- assetNameTest -->
  <testcase name="switchToAll3WTabTest" time="0.0" classname="com.connect.fluke.app.tests.SessionDetailPageTests3560">
    <ignored/>
  </testcase> <!-- switchToAll3WTabTest -->
  <testcase name="fc1555ConnectionTest" time="0.0" classname="com.connect.fluke.app.tests.FC1555CaptureMeasurementPageTest">
    <ignored/>
  </testcase> <!-- fc1555ConnectionTest -->
  <testcase name="importAsset" time="0.0" classname="com.connect.fluke.app.tests.AssetImportTest">
    <ignored/>
  </testcase> <!-- importAsset -->
  <testcase name="verifyEditStudyTypeForLoadStudy" time="0.0" classname="com.connect.fluke.app.tests.FCCM174XSessionConfigurationTests">
    <ignored/>
  </testcase> <!-- verifyEditStudyTypeForLoadStudy -->
  <testcase name="outOfThresholdAlarmSessionNotificationTest" time="0.0" classname="com.connect.fluke.app.tests.SessionDetailPageTests3550">
    <ignored/>
  </testcase> <!-- outOfThresholdAlarmSessionNotificationTest -->
  <testcase name="addedBeakerVerficationOnMeasurementPage" time="0.0" classname="com.connect.fluke.app.tests.AssetAnalysisTest">
    <ignored/>
  </testcase> <!-- addedBeakerVerficationOnMeasurementPage -->
  <testcase name="timeValueIn1HTabTest" time="0.0" classname="com.connect.fluke.app.tests.SessionDetailPageTests3560">
    <ignored/>
  </testcase> <!-- timeValueIn1HTabTest -->
  <testcase name="captureTI450MeasurementTest" time="0.0" classname="com.connect.fluke.app.tests.CaptureMeasurementsTests">
    <ignored/>
  </testcase> <!-- captureTI450MeasurementTest -->
  <testcase name="TI400DownloadedMaxTempValueSyncTest" time="0.0" classname="com.connect.fluke.app.tests.MeasurementsHistoryPageTests">
    <ignored/>
  </testcase> <!-- TI400DownloadedMaxTempValueSyncTest -->
  <testcase name="thermography1WGraphTabCheck" time="0.0" classname="com.connect.fluke.app.tests.Thermography3550CompletedSessionTests">
    <ignored/>
  </testcase> <!-- thermography1WGraphTabCheck -->
  <testcase name="sensorsStaticTextVisibleTest" time="0.0" classname="com.connect.fluke.app.tests.SessionDetailPageTests3560">
    <ignored/>
  </testcase> <!-- sensorsStaticTextVisibleTest -->
  <testcase name="addBasicAssetGroupTest" time="0.0" classname="com.connect.fluke.app.tests.AssetsPageTests">
    <ignored/>
  </testcase> <!-- addBasicAssetGroupTest -->
  <testcase name="verifyCompletedWorkOrderOnHomeScreenTest" time="0.0" classname="com.connect.fluke.app.tests.WorkOrderPageTests">
    <ignored/>
  </testcase> <!-- verifyCompletedWorkOrderOnHomeScreenTest -->
  <testcase name="assignAssetToV3000MeasurementTest" time="0.0" classname="com.connect.fluke.app.tests.CaptureMeasurementsTests">
    <ignored/>
  </testcase> <!-- assignAssetToV3000MeasurementTest -->
  <testcase name="assignWorkOrderToA3002MeasurementTest" time="0.0" classname="com.connect.fluke.app.tests.CaptureMeasurementsTests">
    <ignored/>
  </testcase> <!-- assignWorkOrderToA3002MeasurementTest -->
  <testcase name="addTempratureAlarm" time="0.0" classname="com.connect.fluke.app.tests.AssetAnalysisTest">
    <ignored/>
  </testcase> <!-- addTempratureAlarm -->
  <testcase name="tHD_THC_THCA_1DGraphTabCheck" time="0.0" classname="com.connect.fluke.app.tests.PowerQuality3540CompletedSessionTests">
    <ignored/>
  </testcase> <!-- tHD_THC_THCA_1DGraphTabCheck -->
  <testcase name="fc1555StopRemoteControlMessageTest" time="0.0" classname="com.connect.fluke.app.tests.FC1555CaptureMeasurementPageTest">
    <ignored/>
  </testcase> <!-- fc1555StopRemoteControlMessageTest -->
  <testcase name="sensorsStaticTextVisibleTest" time="0.0" classname="com.connect.fluke.app.tests.SessionDetailPageTests3550">
    <ignored/>
  </testcase> <!-- sensorsStaticTextVisibleTest -->
  <testcase name="testMethodName" time="0.0" classname="com.connect.fluke.app.tests.JenkinsToQmetryMappingTests">
    <ignored/>
  </testcase> <!-- testMethodName -->
  <testcase name="addWithinAlarmTest" time="0.0" classname="com.connect.fluke.app.tests.SessionSetupTests3550">
    <ignored/>
  </testcase> <!-- addWithinAlarmTest -->
  <testcase name="verifyEditFlickerLampModelForLoadStudy" time="0.0" classname="com.connect.fluke.app.tests.FCCM174XSessionConfigurationTests">
    <ignored/>
  </testcase> <!-- verifyEditFlickerLampModelForLoadStudy -->
  <testcase name="mainImage1WTest" time="0.0" classname="com.connect.fluke.app.tests.SessionDetailPageTests3550">
    <ignored/>
  </testcase> <!-- mainImage1WTest -->
  <testcase name="verifyEditTestComponent" time="0.0" classname="com.connect.fluke.app.tests.AssetsPageTests">
    <ignored/>
  </testcase> <!-- verifyEditTestComponent -->
  <testcase name="current1WGraphTabCheck" time="0.0" classname="com.connect.fluke.app.tests.PowerQuality3540CompletedSessionTests">
    <ignored/>
  </testcase> <!-- current1WGraphTabCheck -->
  <testcase name="minValueTimeTest1WTab" time="0.0" classname="com.connect.fluke.app.tests.SessionDetailPageTests3550">
    <ignored/>
  </testcase> <!-- minValueTimeTest1WTab -->
  <testcase name="TIS65DownloadedMinTempUnitTest" time="0.0" classname="com.connect.fluke.app.tests.MeasurementsHistoryPageTests">
    <ignored/>
  </testcase> <!-- TIS65DownloadedMinTempUnitTest -->
  <testcase name="assetReportWithoutCoverPageAndTableOFContents" time="0.0" classname="com.connect.fluke.app.tests.ReportsPageTests">
    <ignored/>
  </testcase> <!-- assetReportWithoutCoverPageAndTableOFContents -->
  <testcase name="TIS65DownloadedMeasurementValueSyncTest" time="0.0" classname="com.connect.fluke.app.tests.MeasurementsHistoryPageTests">
    <ignored/>
  </testcase> <!-- TIS65DownloadedMeasurementValueSyncTest -->
  <testcase name="vibrationUnitTest" time="0.0" classname="com.connect.fluke.app.tests.SessionDetailPageTests3560">
    <ignored/>
  </testcase> <!-- vibrationUnitTest -->
  <testcase name="deleteTIMeasurements" time="0.0" classname="com.connect.fluke.app.tests.MeasurementsHistoryPageTests">
    <ignored/>
  </testcase> <!-- deleteTIMeasurements -->
  <testcase name="switchTo1WTabTest" time="0.0" classname="com.connect.fluke.app.tests.SessionDetailPageTests3560">
    <ignored/>
  </testcase> <!-- switchTo1WTabTest -->
  <testcase name="unsatisfactoryAlarmSessionNotificationTest" time="0.0" classname="com.connect.fluke.app.tests.SessionDetailPageTests3560">
    <ignored/>
  </testcase> <!-- unsatisfactoryAlarmSessionNotificationTest -->
  <testcase name="voltage1HourGraphTabCheck" time="0.0" classname="com.connect.fluke.app.tests.PowerQuality3540CompletedSessionTests">
    <ignored/>
  </testcase> <!-- voltage1HourGraphTabCheck -->
  <testcase name="minValueTest1DTab" time="0.0" classname="com.connect.fluke.app.tests.SessionDetailPageTests3550">
    <ignored/>
  </testcase> <!-- minValueTest1DTab -->
  <testcase name="thermalImageCenterPointGraphVerficationOnAnalysisPage" time="0.0" classname="com.connect.fluke.app.tests.AssetAnalysisTest">
    <ignored/>
  </testcase> <!-- thermalImageCenterPointGraphVerficationOnAnalysisPage -->
  <testcase name="assetGroupNameTest" time="0.0" classname="com.connect.fluke.app.tests.SessionDetailPageTests3550">
    <ignored/>
  </testcase> <!-- assetGroupNameTest -->
  <testcase name="workOrderTypeChangeTest" time="0.0" classname="com.connect.fluke.app.tests.WorkOrderPageTests">
    <ignored/>
  </testcase> <!-- workOrderTypeChangeTest -->
  <testcase name="powerOverView_PhaseB_1HGraphTabCheck" time="0.0" classname="com.connect.fluke.app.tests.PowerQuality3540CompletedSessionTests">
    <ignored/>
  </testcase> <!-- powerOverView_PhaseB_1HGraphTabCheck -->
  <testcase name="shareA3002MeasurementTest" time="0.0" classname="com.connect.fluke.app.tests.CaptureMeasurementsTests">
    <ignored/>
  </testcase> <!-- shareA3002MeasurementTest -->
  <testcase name="switchTo3W1WTabTest" time="0.0" classname="com.connect.fluke.app.tests.SessionDetailPageTests3560">
    <ignored/>
  </testcase> <!-- switchTo3W1WTabTest -->
  <testcase name="vibrationUnitInAllTabTest" time="0.0" classname="com.connect.fluke.app.tests.SessionDetailPageTests3560">
    <ignored/>
  </testcase> <!-- vibrationUnitInAllTabTest -->
  <testcase name="voltage1DGraphTabCheck" time="0.0" classname="com.connect.fluke.app.tests.PowerQuality3540CompletedSessionTests">
    <ignored/>
  </testcase> <!-- voltage1DGraphTabCheck -->
  <testcase name="switchTo1WTabTest" time="0.0" classname="com.connect.fluke.app.tests.SessionDetailPageTests3550">
    <ignored/>
  </testcase> <!-- switchTo1WTabTest -->
  <testcase name="captureMeasurementTest" time="0.0" classname="com.connect.fluke.app.tests.HomePageTests">
    <ignored/>
  </testcase> <!-- captureMeasurementTest -->
  <testcase name="TI450DownloadedMaxTempValueSyncTest" time="0.0" classname="com.connect.fluke.app.tests.MeasurementsHistoryPageTests">
    <ignored/>
  </testcase> <!-- TI450DownloadedMaxTempValueSyncTest -->
  <testcase name="TI450MeasurementDeviceNameSyncTest" time="0.0" classname="com.connect.fluke.app.tests.MeasurementsHistoryPageTests">
    <ignored/>
  </testcase> <!-- TI450MeasurementDeviceNameSyncTest -->
  <testcase name="TI400MaxTempLabelSyncTest" time="0.0" classname="com.connect.fluke.app.tests.MeasurementsHistoryPageTests">
    <ignored/>
  </testcase> <!-- TI400MaxTempLabelSyncTest -->
  <testcase name="thermalImageCenterPointValueVerficationOnAnalysisPage" time="0.0" classname="com.connect.fluke.app.tests.AssetAnalysisTest">
    <ignored/>
  </testcase> <!-- thermalImageCenterPointValueVerficationOnAnalysisPage -->
  <testcase name="addCurrentAlarm" time="0.0" classname="com.connect.fluke.app.tests.AssetAnalysisTest">
    <ignored/>
  </testcase> <!-- addCurrentAlarm -->
  <testcase name="assetGroupNameTest" time="0.0" classname="com.connect.fluke.app.tests.SessionDetailPageTests3560">
    <ignored/>
  </testcase> <!-- assetGroupNameTest -->
  <testcase name="maxValueTimeTestALLTab" time="0.0" classname="com.connect.fluke.app.tests.SessionDetailPageTests3550">
    <ignored/>
  </testcase> <!-- maxValueTimeTestALLTab -->
  <testcase name="fc1555CancelOptionTest" time="0.0" classname="com.connect.fluke.app.tests.FC1555CaptureMeasurementPageTest">
    <ignored/>
  </testcase> <!-- fc1555CancelOptionTest -->
  <testcase name="differentOptionsForInfoOfTiAndBasicReport" time="0.0" classname="com.connect.fluke.app.tests.ReportsPageTests">
    <ignored/>
  </testcase> <!-- differentOptionsForInfoOfTiAndBasicReport -->
  <testcase name="sessionStartTimeTest" time="0.0" classname="com.connect.fluke.app.tests.SessionDetailPageTests3560">
    <ignored/>
  </testcase> <!-- sessionStartTimeTest -->
  <testcase name="TIS75DownloadedMeasurmentDeviceNameTest" time="0.0" classname="com.connect.fluke.app.tests.MeasurementsHistoryPageTests">
    <ignored/>
  </testcase> <!-- TIS75DownloadedMeasurmentDeviceNameTest -->
  <testcase name="livePollingTest" time="0.0" classname="com.connect.fluke.app.tests.SessionDetailPageTests3550">
    <ignored/>
  </testcase> <!-- livePollingTest -->
  <testcase name="verifyAddTestComponent" time="0.0" classname="com.connect.fluke.app.tests.AssetsPageTests">
    <ignored/>
  </testcase> <!-- verifyAddTestComponent -->
  <testcase name="startTimeStaticTextVisibleTest" time="0.0" classname="com.connect.fluke.app.tests.SessionListTests3560">
    <ignored/>
  </testcase> <!-- startTimeStaticTextVisibleTest -->
  <testcase name="createTestRun" time="0.0" classname="com.connect.fluke.app.tests.JiraTestRunAutomation">
    <ignored/>
  </testcase> <!-- createTestRun -->
  <testcase name="downloadFC369LogTest" time="0.0" classname="com.connect.fluke.app.tests.CaptureMeasurementsTests">
    <ignored/>
  </testcase> <!-- downloadFC369LogTest -->
  <testcase name="TI450DownloadedMinTempValueSyncTest" time="0.0" classname="com.connect.fluke.app.tests.MeasurementsHistoryPageTests">
    <ignored/>
  </testcase> <!-- TI450DownloadedMinTempValueSyncTest -->
  <testcase name="TI450MaxTempUnitSyncTest" time="0.0" classname="com.connect.fluke.app.tests.MeasurementsHistoryPageTests">
    <ignored/>
  </testcase> <!-- TI450MaxTempUnitSyncTest -->
  <testcase name="TI400MinTempLabelSyncTest" time="0.0" classname="com.connect.fluke.app.tests.MeasurementsHistoryPageTests">
    <ignored/>
  </testcase> <!-- TI400MinTempLabelSyncTest -->
  <testcase name="tempratureValueIn3WTabTest" time="0.0" classname="com.connect.fluke.app.tests.SessionDetailPageTests3560">
    <ignored/>
  </testcase> <!-- tempratureValueIn3WTabTest -->
  <testcase name="livePollingTest" time="0.0" classname="com.connect.fluke.app.tests.SessionDetailPageTests3560">
    <ignored/>
  </testcase> <!-- livePollingTest -->
  <testcase name="ReportTileVisibleTest" time="0.0" classname="com.connect.fluke.app.tests.ReportsPageTests">
    <ignored/>
  </testcase> <!-- ReportTileVisibleTest -->
  <testcase name="shareV3000MeasurementTest" time="0.0" classname="com.connect.fluke.app.tests.CaptureMeasurementsTests">
    <ignored/>
  </testcase> <!-- shareV3000MeasurementTest -->
  <testcase name="sessionStartTimeTest" time="0.0" classname="com.connect.fluke.app.tests.SessionDetailPageTests3550">
    <ignored/>
  </testcase> <!-- sessionStartTimeTest -->
  <testcase name="TIS75DownloadedMeasurementUnitSyncTest" time="0.0" classname="com.connect.fluke.app.tests.MeasurementsHistoryPageTests">
    <ignored/>
  </testcase> <!-- TIS75DownloadedMeasurementUnitSyncTest -->
  <testcase name="addedMuseVerficationOnMeasurementPage" time="0.0" classname="com.connect.fluke.app.tests.AssetAnalysisTest">
    <ignored/>
  </testcase> <!-- addedMuseVerficationOnMeasurementPage -->
  <testcase name="eeveeCompResistanceValueWithoutGreaterThanOrLessThanAndTempValueNonZeroTest" time="0.0" classname="com.connect.fluke.app.tests.FC1555CaptureMeasurementPageTest">
    <ignored/>
  </testcase> <!-- eeveeCompResistanceValueWithoutGreaterThanOrLessThanAndTempValueNonZeroTest -->
  <testcase name="switchTo1W8HTabTest" time="0.0" classname="com.connect.fluke.app.tests.SessionDetailPageTests3560">
    <ignored/>
  </testcase> <!-- switchTo1W8HTabTest -->
  <testcase name="liveValueTestALLTab" time="0.0" classname="com.connect.fluke.app.tests.SessionDetailPageTests3550">
    <ignored/>
  </testcase> <!-- liveValueTestALLTab -->
  <testcase name="addWorkOrderWithMeasurementsTest" time="0.0" classname="com.connect.fluke.app.tests.WorkOrderPageTests">
    <ignored/>
  </testcase> <!-- addWorkOrderWithMeasurementsTest -->
  <testcase name="switchTo8HTabTest" time="0.0" classname="com.connect.fluke.app.tests.SessionDetailPageTests3560">
    <ignored/>
  </testcase> <!-- switchTo8HTabTest -->
  <testcase name="TIS65DownloadedMinTempUnitSyncTest" time="0.0" classname="com.connect.fluke.app.tests.MeasurementsHistoryPageTests">
    <ignored/>
  </testcase> <!-- TIS65DownloadedMinTempUnitSyncTest -->
  <testcase name="tHD_THC_THDV_1WGraphTabCheck" time="0.0" classname="com.connect.fluke.app.tests.PowerQuality3540CompletedSessionTests">
    <ignored/>
  </testcase> <!-- tHD_THC_THDV_1WGraphTabCheck -->
  <testcase name="fc369AssignedWorkOrderSyncTest" time="0.0" classname="com.connect.fluke.app.tests.MeasurementsHistoryPageTests">
    <ignored/>
  </testcase> <!-- fc369AssignedWorkOrderSyncTest -->
  <testcase name="TI450DownloadedMeasurmentDeviceNameTest" time="0.0" classname="com.connect.fluke.app.tests.MeasurementsHistoryPageTests">
    <ignored/>
  </testcase> <!-- TI450DownloadedMeasurmentDeviceNameTest -->
  <testcase name="saveTI450MeasurementTest" time="0.0" classname="com.connect.fluke.app.tests.CaptureMeasurementsTests">
    <ignored/>
  </testcase> <!-- saveTI450MeasurementTest -->
  <testcase name="verifyAssetStatusAfterChanged" time="0.0" classname="com.connect.fluke.app.tests.AssetsPageTests">
    <ignored/>
  </testcase> <!-- verifyAssetStatusAfterChanged -->
  <testcase name="scrollGraphLeft1HTab" time="0.0" classname="com.connect.fluke.app.tests.SessionDetailPageTests3560">
    <ignored/>
  </testcase> <!-- scrollGraphLeft1HTab -->
  <testcase name="TI400MinTempUnitSyncTest" time="0.0" classname="com.connect.fluke.app.tests.MeasurementsHistoryPageTests">
    <ignored/>
  </testcase> <!-- TI400MinTempUnitSyncTest -->
  <testcase name="isChartDisplayedTest" time="0.0" classname="com.connect.fluke.app.tests.ThermalImageAnalysisTests">
    <ignored/>
  </testcase> <!-- isChartDisplayedTest -->
  <testcase name="maxValueUnitTest1DTab" time="0.0" classname="com.connect.fluke.app.tests.SessionDetailPageTests3550">
    <ignored/>
  </testcase> <!-- maxValueUnitTest1DTab -->
  <testcase name="verifyEditSavedConfig" time="0.0" classname="com.connect.fluke.app.tests.FCCM174XSessionConfigurationTests">
    <ignored/>
  </testcase> <!-- verifyEditSavedConfig -->
  <testcase name="workOrderPriorityChangeTest" time="0.0" classname="com.connect.fluke.app.tests.WorkOrderPageTests">
    <ignored/>
  </testcase> <!-- workOrderPriorityChangeTest -->
  <testcase name="minValueUnitTest1WTab" time="0.0" classname="com.connect.fluke.app.tests.SessionDetailPageTests3550">
    <ignored/>
  </testcase> <!-- minValueUnitTest1WTab -->
  <testcase name="TiReportWithoutCoverPageTableOfContentsAndReportSummary" time="0.0" classname="com.connect.fluke.app.tests.ReportsPageTests">
    <ignored/>
  </testcase> <!-- TiReportWithoutCoverPageTableOfContentsAndReportSummary -->
  <testcase name="scrollGraphRight8H1HTab" time="0.0" classname="com.connect.fluke.app.tests.SessionDetailPageTests3560">
    <ignored/>
  </testcase> <!-- scrollGraphRight8H1HTab -->
  <testcase name="fc1555RemoteControlDataDrivenTest" time="0.0" classname="com.connect.fluke.app.tests.FC1555CaptureMeasurementPageTest">
    <ignored/>
  </testcase> <!-- fc1555RemoteControlDataDrivenTest -->
  <testcase name="addTextNoteToT3000MeasurementTest" time="0.0" classname="com.connect.fluke.app.tests.CaptureMeasurementsTests">
    <ignored/>
  </testcase> <!-- addTextNoteToT3000MeasurementTest -->
  <testcase name="TI450DownloadedMinTempValueTest" time="0.0" classname="com.connect.fluke.app.tests.MeasurementsHistoryPageTests">
    <ignored/>
  </testcase> <!-- TI450DownloadedMinTempValueTest -->
  <testcase name="addTextNoteToGroupMeasurementTest" time="0.0" classname="com.connect.fluke.app.tests.CaptureMeasurementsTests">
    <ignored/>
  </testcase> <!-- addTextNoteToGroupMeasurementTest -->
  <testcase name="switchTo1MTabTest" time="0.0" classname="com.connect.fluke.app.tests.SessionDetailPageTests3550">
    <ignored/>
  </testcase> <!-- switchTo1MTabTest -->
</testsuite> <!-- CNX Android Tests -->
