<?xml version="1.0" encoding="UTF-8"?>
<!-- Generated by org.testng.reporters.JUnitXMLReporter -->
<testsuite hostname="m-bang-isharma1" name="FCCM3560 Android Session Verification Tests" tests="20" failures="0" timestamp="14 Mar 2018 20:49:59 GMT" time="142.89" errors="0">
  <testcase name="sessionTileVisibleTest" time="0.05" classname="com.connect.fluke.app.tests.FCCM3550ActiveMonitoringSessionTests"/>
  <testcase name="sessionTileStatusTest" time="0.159" classname="com.connect.fluke.app.tests.FCCM3550ActiveMonitoringSessionTests"/>
  <testcase name="gateWayNameTest" time="0.135" classname="com.connect.fluke.app.tests.FCCM3550ActiveMonitoringSessionTests"/>
  <testcase name="sensorsStaticTextVisibleTest" time="0.145" classname="com.connect.fluke.app.tests.FCCM3550ActiveMonitoringSessionTests"/>
  <testcase name="sensorCountAndTypeTest" time="0.145" classname="com.connect.fluke.app.tests.FCCM3550ActiveMonitoringSessionTests"/>
  <testcase name="startTimeStaticTextVisibleTest" time="0.154" classname="com.connect.fluke.app.tests.FCCM3550ActiveMonitoringSessionTests"/>
  <testcase name="sessionStartTimeTest" time="0.16" classname="com.connect.fluke.app.tests.FCCM3550ActiveMonitoringSessionTests"/>
  <testcase name="sessionStartUserNameTest" time="0.12" classname="com.connect.fluke.app.tests.FCCM3550ActiveMonitoringSessionTests"/>
  <testcase name="tapOnSessionTileTest" time="3.698" classname="com.connect.fluke.app.tests.FCCM3550ActiveMonitoringSessionTests"/>
  <testcase name="sessionTileStatusTest" time="0.152" classname="com.connect.fluke.app.tests.FCCM3550SessionDetailPageTests"/>
  <testcase name="gateWayNameTest" time="0.115" classname="com.connect.fluke.app.tests.FCCM3550SessionDetailPageTests"/>
  <testcase name="sensorsStaticTextVisibleTest" time="0.108" classname="com.connect.fluke.app.tests.FCCM3550SessionDetailPageTests"/>
  <testcase name="sensorCountAndTypeTest" time="0.116" classname="com.connect.fluke.app.tests.FCCM3550SessionDetailPageTests"/>
  <testcase name="startTimeStaticTextVisibleTest" time="0.115" classname="com.connect.fluke.app.tests.FCCM3550SessionDetailPageTests"/>
  <testcase name="sessionStartTimeTest" time="0.111" classname="com.connect.fluke.app.tests.FCCM3550SessionDetailPageTests"/>
  <testcase name="sessionStartUserNameTest" time="0.098" classname="com.connect.fluke.app.tests.FCCM3550SessionDetailPageTests"/>
  <testcase name="assetCountTextVisibleTest" time="0.101" classname="com.connect.fluke.app.tests.FCCM3550SessionDetailPageTests"/>
  <testcase name="assetGroupNameTest" time="0.122" classname="com.connect.fluke.app.tests.FCCM3550SessionDetailPageTests"/>
  <testcase name="assetNameTest" time="0.127" classname="com.connect.fluke.app.tests.FCCM3550SessionDetailPageTests"/>
  <testcase name="testPointNameTest" time="0.109" classname="com.connect.fluke.app.tests.FCCM3550SessionDetailPageTests"/>
</testsuite> <!-- FCCM3560 Android Session Verification Tests -->
