<?xml version="1.0" encoding="UTF-8"?>
<testng-results skipped="0" failed="0" ignored="0" total="0" passed="0">
  <reporter-output>
  </reporter-output>
  <suite name="Fluke Connect Test Suite" duration-ms="7" started-at="2018-11-18T21:21:26Z" finished-at="2018-11-18T21:21:26Z">
    <groups>
    </groups>
    <test name="iOS Tests" duration-ms="7" started-at="2018-11-18T21:21:26Z" finished-at="2018-11-18T21:21:26Z">
    </test> <!-- iOS Tests -->
  </suite> <!-- Fluke Connect Test Suite -->
</testng-results>
